<?xml version="1.0" encoding="UTF-8"?>
<!-- Generated by org.testng.reporters.JUnitXMLReporter -->
<testsuite ignored="0" hostname="Affan-family" failures="0" tests="10" name="chromeTest" time="45.051" errors="0" timestamp="2026-07-29T20:21:42 EDT">
  <testcase classname="testCases.TC01_LaunchApplication" name="testLaunchApp" time="0.072"/>
  <testcase classname="testCases.TC03_AddToCart" name="testAddToCart" time="4.662"/>
  <testcase classname="testCases.TC05_AddToWishList" name="testAddToWishList" time="4.076"/>
  <testcase classname="testCases.TC06_AddAffiliate" name="testAddAffiliate" time="3.614"/>
  <testcase classname="testCases.TC02_Login" name="testLogin" time="1.958"/>
  <testcase classname="testCases.TC02_Login" name="testLogin" time="1.574"/>
  <testcase classname="testCases.TC02_Login" name="testLogin" time="1.604"/>
  <testcase classname="testCases.TC02_Login" name="testLogin" time="1.556"/>
  <testcase classname="testCases.TC02_Login" name="testLogin" time="1.416"/>
  <testcase classname="testCases.TC04_CompletePurchase" name="testCompletePurchase" time="9.014"/>
</testsuite> <!-- chromeTest -->
