<?xml version="1.0" encoding="UTF-8"?>
<!-- Generated by org.testng.reporters.JUnitXMLReporter -->
<testsuite ignored="0" hostname="Affan-family" failures="1" tests="10" name="Test" time="79.499" errors="0" timestamp="2026-07-25T16:46:14 EDT">
  <testcase classname="testCases.TC01_LaunchApplication" name="testLaunchApp" time="0.056"/>
  <testcase classname="testCases.TC03_AddToCart" name="testAddToCart" time="4.398"/>
  <testcase classname="testCases.TC05_AddToWishList" name="testAddToWishList" time="33.127">
    <failure type="org.openqa.selenium.ElementNotInteractableException" message="element not interactable
  (Session info: chrome=150.0.7871.182)
Build info: version: &amp;apos;4.44.0&amp;apos;, revision: &amp;apos;da2039b&amp;apos;
System info: os.name: &amp;apos;Windows 11&amp;apos;, os.arch: &amp;apos;amd64&amp;apos;, os.version: &amp;apos;10.0&amp;apos;, java.version: &amp;apos;21.0.11&amp;apos;
Driver info: org.openqa.selenium.chrome.ChromeDriver
Command: [27d28b8d2260409d6ff2425c42978c6d, clickElement {id=f.109B8617B17945BF9386849E67768697.d.365D554CDD54292AE49135004EFB0775.e.164}]
Capabilities {acceptInsecureCerts: false, browserName: chrome, browserVersion: 150.0.7871.182, chrome: {chromedriverVersion: 150.0.7871.124 (9261fd0a595..., userDataDir: C:\Users\Affan\AppData\Loca...}, fedcm:accounts: true, goog:chromeOptions: {debuggerAddress: localhost:54969}, goog:processID: 31236, networkConnectionEnabled: false, pageLoadStrategy: normal, platformName: windows, proxy: Proxy(), se:cdp: ws://localhost:54969/devtoo..., se:cdpVersion: 150.0.7871.182, setWindowRect: true, strictFileInteractability: false, timeouts: {implicit: 0, pageLoad: 300000, script: 30000}, unhandledPromptBehavior: dismiss and notify, webauthn:extension:credBlob: true, webauthn:extension:largeBlob: true, webauthn:extension:minPinLength: true, webauthn:extension:prf: true, webauthn:virtualAuthenticators: true}
Element: [[ChromeDriver: chrome on windows (27d28b8d2260409d6ff2425c42978c6d)] -&amp;gt; xpath: //a[normalize-space()=&amp;apos;HP LP3065&amp;apos;]]
Session ID: 27d28b8d2260409d6ff2425c42978c6d">
      <![CDATA[org.openqa.selenium.ElementNotInteractableException: element not interactable
  (Session info: chrome=150.0.7871.182)
Build info: version: '4.44.0', revision: 'da2039b'
System info: os.name: 'Windows 11', os.arch: 'amd64', os.version: '10.0', java.version: '21.0.11'
Driver info: org.openqa.selenium.chrome.ChromeDriver
Command: [27d28b8d2260409d6ff2425c42978c6d, clickElement {id=f.109B8617B17945BF9386849E67768697.d.365D554CDD54292AE49135004EFB0775.e.164}]
Capabilities {acceptInsecureCerts: false, browserName: chrome, browserVersion: 150.0.7871.182, chrome: {chromedriverVersion: 150.0.7871.124 (9261fd0a595..., userDataDir: C:\Users\Affan\AppData\Loca...}, fedcm:accounts: true, goog:chromeOptions: {debuggerAddress: localhost:54969}, goog:processID: 31236, networkConnectionEnabled: false, pageLoadStrategy: normal, platformName: windows, proxy: Proxy(), se:cdp: ws://localhost:54969/devtoo..., se:cdpVersion: 150.0.7871.182, setWindowRect: true, strictFileInteractability: false, timeouts: {implicit: 0, pageLoad: 300000, script: 30000}, unhandledPromptBehavior: dismiss and notify, webauthn:extension:credBlob: true, webauthn:extension:largeBlob: true, webauthn:extension:minPinLength: true, webauthn:extension:prf: true, webauthn:virtualAuthenticators: true}
Element: [[ChromeDriver: chrome on windows (27d28b8d2260409d6ff2425c42978c6d)] -> xpath: //a[normalize-space()='HP LP3065']]
Session ID: 27d28b8d2260409d6ff2425c42978c6d
at org.openqa.selenium.remote.ErrorCodec.decode(ErrorCodec.java:169)
at org.openqa.selenium.remote.codec.w3c.W3CHttpResponseCodec.decode(W3CHttpResponseCodec.java:143)
at org.openqa.selenium.remote.codec.w3c.W3CHttpResponseCodec.decode(W3CHttpResponseCodec.java:50)
at org.openqa.selenium.remote.HttpCommandExecutor.execute(HttpCommandExecutor.java:224)
at org.openqa.selenium.remote.service.DriverCommandExecutor.invokeExecute(DriverCommandExecutor.java:217)
at org.openqa.selenium.remote.service.DriverCommandExecutor.execute(DriverCommandExecutor.java:175)
at org.openqa.selenium.remote.RemoteWebDriver.execute(RemoteWebDriver.java:600)
at org.openqa.selenium.remote.RemoteWebElement.execute(RemoteWebElement.java:225)
at org.openqa.selenium.remote.RemoteWebElement.click(RemoteWebElement.java:79)
at org.openqa.selenium.support.pagefactory.internal.LocatingElementHandler.invoke(LocatingElementHandler.java:51)
at jdk.proxy2/jdk.proxy2.$Proxy14.click(Unknown Source)
at pageObjects.CategoryPage.selectHPProduct(CategoryPage.java:51)
at testCases.TC05_AddToWishList.testAddToWishList(TC05_AddToWishList.java:30)
at java.base/java.util.ArrayList.forEach(ArrayList.java:1596)
... Removed 27 stack frames]]>
    </failure>
  </testcase> <!-- testAddToWishList -->
  <testcase classname="testCases.TC06_AddAffiliate" name="testAddAffiliate" time="3.78"/>
  <testcase classname="testCases.TC02_Login" name="testLogin" time="2.242"/>
  <testcase classname="testCases.TC02_Login" name="testLogin" time="1.621"/>
  <testcase classname="testCases.TC02_Login" name="testLogin" time="1.363"/>
  <testcase classname="testCases.TC02_Login" name="testLogin" time="3.481"/>
  <testcase classname="testCases.TC02_Login" name="testLogin" time="3.024"/>
  <testcase classname="testCases.TC04_CompletePurchase" name="testCompletePurchase" time="7.921"/>
</testsuite> <!-- Test -->
