<?xml version="1.0" encoding="UTF-8"?>
<!-- Generated by org.testng.reporters.JUnitXMLReporter -->
<testsuite ignored="0" hostname="Affan-family" failures="0" tests="10" name="edgeTest" time="50.788" errors="0" timestamp="2026-08-01T00:01:45 EDT">
  <testcase classname="testCases.TC01_LaunchApplication" name="testLaunchApplication" time="0.006"/>
  <testcase classname="testCases.TC03_AddToCart" name="testAddToCart" time="3.945"/>
  <testcase classname="testCases.TC05_AddToWishList" name="testAddToWishList" time="5.619"/>
  <testcase classname="testCases.TC06_AddAffiliate" name="testAddAffiliate" time="3.685"/>
  <testcase classname="testCases.TC02_Login" name="testLogin" time="2.216"/>
  <testcase classname="testCases.TC02_Login" name="testLogin" time="1.388"/>
  <testcase classname="testCases.TC02_Login" name="testLogin" time="1.429"/>
  <testcase classname="testCases.TC02_Login" name="testLogin" time="1.46"/>
  <testcase classname="testCases.TC02_Login" name="testLogin" time="1.434"/>
  <testcase classname="testCases.TC04_CompletePurchase" name="testCompletePurchase" time="12.029"/>
</testsuite> <!-- edgeTest -->
