<?xml version="1.0" encoding="UTF-8"?>
<!-- Generated by org.testng.reporters.JUnitXMLReporter -->
<testsuite ignored="0" hostname="Affan-family" failures="0" tests="10" name="firefoxTest" time="67.833" errors="0" timestamp="2026-08-01T00:02:02 EDT">
  <testcase classname="testCases.TC01_LaunchApplication" name="testLaunchApplication" time="0.006"/>
  <testcase classname="testCases.TC03_AddToCart" name="testAddToCart" time="5.041"/>
  <testcase classname="testCases.TC05_AddToWishList" name="testAddToWishList" time="6.828"/>
  <testcase classname="testCases.TC06_AddAffiliate" name="testAddAffiliate" time="4.836"/>
  <testcase classname="testCases.TC02_Login" name="testLogin" time="1.888"/>
  <testcase classname="testCases.TC02_Login" name="testLogin" time="0.876"/>
  <testcase classname="testCases.TC02_Login" name="testLogin" time="0.881"/>
  <testcase classname="testCases.TC02_Login" name="testLogin" time="0.847"/>
  <testcase classname="testCases.TC02_Login" name="testLogin" time="0.846"/>
  <testcase classname="testCases.TC04_CompletePurchase" name="testCompletePurchase" time="10.925"/>
</testsuite> <!-- firefoxTest -->
