<?xml version="1.0" encoding="UTF-8"?>
<testsuite xmlns:xsi="http://www.w3.org/2001/XMLSchema-instance" xsi:noNamespaceSchemaLocation="https://maven.apache.org/surefire/maven-surefire-plugin/xsd/surefire-test-report.xsd" version="3.0.2" name="TestSuite" time="93.487" tests="32" errors="0" skipped="2" failures="1">
  <properties>
[...]
</properties>
  <testcase name="testLaunchApplication" classname="testCases.TC01_LaunchApplication" time="0.06">
    <system-err><![CDATA[2026-08-01T04:00:54.227894100Z main INFO Starting configuration XmlConfiguration[location=C:\Workspaces\QA bootcamp\NinjaV6\target\test-classes\log4j2.xml, lastModified=2026-07-31T13:43:34.074Z]...
2026-08-01T04:00:54.227894100Z main INFO Configuration XmlConfiguration[location=C:\Workspaces\QA bootcamp\NinjaV6\target\test-classes\log4j2.xml, lastModified=2026-07-31T13:43:34.074Z] started.
2026-08-01T04:00:54.227894100Z main INFO Stopping configuration org.apache.logging.log4j.core.config.DefaultConfiguration@3f197a46...
2026-08-01T04:00:54.227894100Z main INFO Configuration org.apache.logging.log4j.core.config.DefaultConfiguration@3f197a46 stopped.
Aug 01, 2026 12:00:55 A.M. org.openqa.selenium.devtools.CdpVersionFinder findNearestMatch
WARNING: Unable to find an exact match for CDP version 150, returning the closest version; found: 148; Please update to a Selenium version that supports CDP version 150
Aug 01, 2026 12:00:55 A.M. org.openqa.selenium.devtools.CdpVersionFinder findNearestMatch
WARNING: Unable to find an exact match for CDP version 150, returning the closest version; found: 148; Please update to a Selenium version that supports CDP version 150
]]></system-err>
  </testcase>
  <testcase name="testLaunchApplication" classname="testCases.TC01_LaunchApplication" time="0.006"/>
  <testcase name="testLaunchApplication" classname="testCases.TC01_LaunchApplication" time="0.005">
    <system-err><![CDATA[Aug 01, 2026 12:00:58 A.M. org.openqa.selenium.devtools.CdpVersionFinder findNearestMatch
WARNING: Unable to find an exact match for CDP version 150, returning the closest version; found: 148; Please update to a Selenium version that supports CDP version 150
Aug 01, 2026 12:00:58 A.M. org.openqa.selenium.devtools.CdpVersionFinder findNearestMatch
WARNING: Unable to find an exact match for CDP version 150, returning the closest version; found: 148; Please update to a Selenium version that supports CDP version 150
]]></system-err>
  </testcase>
  <testcase name="testAddToCart" classname="testCases.TC03_AddToCart" time="3.947"/>
  <testcase name="testAddToCart" classname="testCases.TC03_AddToCart" time="3.947"/>
  <testcase name="testAddToCart" classname="testCases.TC03_AddToCart" time="4.17">
    <system-err><![CDATA[Aug 01, 2026 12:01:05 A.M. org.openqa.selenium.devtools.CdpVersionFinder findNearestMatch
WARNING: Unable to find an exact match for CDP version 150, returning the closest version; found: 148; Please update to a Selenium version that supports CDP version 150
Aug 01, 2026 12:01:05 A.M. org.openqa.selenium.devtools.CdpVersionFinder findNearestMatch
WARNING: Unable to find an exact match for CDP version 150, returning the closest version; found: 148; Please update to a Selenium version that supports CDP version 150
]]></system-err>
  </testcase>
  <testcase name="testAddToWishList" classname="testCases.TC05_AddToWishList" time="5.178"/>
  <testcase name="testAddToWishList" classname="testCases.TC05_AddToWishList" time="5.616"/>
  <testcase name="testAddToWishList" classname="testCases.TC05_AddToWishList" time="1.324">
    <system-err><![CDATA[Aug 01, 2026 12:01:19 A.M. org.openqa.selenium.devtools.CdpVersionFinder findNearestMatch
WARNING: Unable to find an exact match for CDP version 150, returning the closest version; found: 148; Please update to a Selenium version that supports CDP version 150
Aug 01, 2026 12:01:19 A.M. org.openqa.selenium.devtools.CdpVersionFinder findNearestMatch
WARNING: Unable to find an exact match for CDP version 150, returning the closest version; found: 148; Please update to a Selenium version that supports CDP version 150
]]></system-err>
  </testcase>
  <testcase name="testAddAffiliate" classname="testCases.TC06_AddAffiliate" time="1.737">
    <system-err><![CDATA[Aug 01, 2026 12:01:13 A.M. org.openqa.selenium.devtools.CdpVersionFinder findNearestMatch
WARNING: Unable to find an exact match for CDP version 150, returning the closest version; found: 148; Please update to a Selenium version that supports CDP version 150
Aug 01, 2026 12:01:13 A.M. org.openqa.selenium.devtools.CdpVersionFinder findNearestMatch
WARNING: Unable to find an exact match for CDP version 150, returning the closest version; found: 148; Please update to a Selenium version that supports CDP version 150
]]></system-err>
  </testcase>
  <testcase name="testAddAffiliate" classname="testCases.TC06_AddAffiliate" time="1.822"/>
  <testcase name="testAddAffiliate" classname="testCases.TC06_AddAffiliate" time="2.096">
    <system-err><![CDATA[Aug 01, 2026 12:01:34 A.M. org.openqa.selenium.devtools.CdpVersionFinder findNearestMatch
WARNING: Unable to find an exact match for CDP version 150, returning the closest version; found: 148; Please update to a Selenium version that supports CDP version 150
]]></system-err>
  </testcase>
  <testcase name="testLogin[smitasharma.qa@gmail.com, ss*QA123](1)" classname="testCases.TC02_Login" time="2.218"/>
  <testcase name="testLogin[smitasharma.qa@gmail.com, ss*QA123](1)" classname="testCases.TC02_Login" time="0.39"/>
  <testcase name="testLogin[smitasharma.qa@gmail.com, ss*QA123](1)" classname="testCases.TC02_Login" time="1.889"/>
  <testcase name="testLogin[nona@yahoo.com, QWER!@#$](2)" classname="testCases.TC02_Login" time="0.987"/>
  <testcase name="testLogin[nona@yahoo.com, QWER!@#$](2)" classname="testCases.TC02_Login" time="0.623"/>
  <testcase name="testLogin[nona@yahoo.com, QWER!@#$](2)" classname="testCases.TC02_Login" time="0.876"/>
  <testcase name="testLogin[sid@cloudberry.services, Test123](3)" classname="testCases.TC02_Login" time="1.431"/>
  <testcase name="testLogin[sid@cloudberry.services, Test123](3)" classname="testCases.TC02_Login" time="0.739"/>
  <testcase name="testLogin[sid@cloudberry.services, Test123](3)" classname="testCases.TC02_Login" time="0.88"/>
  <testcase name="testLogin[apushedwoman@gmail.com, password123](4)" classname="testCases.TC02_Login" time="1.077"/>
  <testcase name="testLogin[apushedwoman@gmail.com, password123](4)" classname="testCases.TC02_Login" time="1.332">
    <system-err><![CDATA[Aug 01, 2026 12:01:31 A.M. org.openqa.selenium.devtools.CdpVersionFinder findNearestMatch
WARNING: Unable to find an exact match for CDP version 150, returning the closest version; found: 148; Please update to a Selenium version that supports CDP version 150
]]></system-err>
  </testcase>
  <testcase name="testLogin[apushedwoman@gmail.com, password123](4)" classname="testCases.TC02_Login" time="0.847"/>
  <testcase name="testLogin[hichamkhachiai@gmail.com, hicham123](5)" classname="testCases.TC02_Login" time="0.195"/>
  <testcase name="testLogin[hichamkhachiai@gmail.com, hicham123](5)" classname="testCases.TC02_Login" time="0.705"/>
  <testcase name="testLogin[hichamkhachiai@gmail.com, hicham123](5)" classname="testCases.TC02_Login" time="0.846"/>
  <testcase name="testCompletePurchase" classname="testCases.TC04_CompletePurchase" time="0.3"/>
  <testcase name="testCompletePurchase" classname="testCases.TC04_CompletePurchase" time="0.0">
    <skipped message="no such element: Unable to locate element: {&quot;method&quot;:&quot;css selector&quot;,&quot;selector&quot;:&quot;#button\-payment\-methods&quot;}&#10;  (Session info: chrome=150.0.7871.187)&#10;For documentation on this error, please visit: https://www.selenium.dev/documentation/webdriver/troubleshooting/errors#nosuchelementexception&#10;Build info: version: &apos;4.44.0&apos;, revision: &apos;da2039b&apos;&#10;System info: os.name: &apos;Windows 11&apos;, os.arch: &apos;amd64&apos;, os.version: &apos;10.0&apos;, java.version: &apos;21.0.11&apos;&#10;Driver info: org.openqa.selenium.chrome.ChromeDriver&#10;Command: [05aa06bb463e8ea32c205d2a26b16b1b, findElement {value=button-payment-methods, using=id}]&#10;Capabilities {acceptInsecureCerts: false, browserName: chrome, browserVersion: 150.0.7871.187, chrome: {chromedriverVersion: 150.0.7871.124 (9261fd0a595..., userDataDir: C:\Users\Affan\AppData\Loca...}, fedcm:accounts: true, goog:chromeOptions: {debuggerAddress: localhost:53060}, goog:processID: 15032, networkConnectionEnabled: false, pageLoadStrategy: normal, platformName: windows, proxy: Proxy(), se:cdp: ws://localhost:53060/devtoo..., se:cdpVersion: 150.0.7871.187, setWindowRect: true, strictFileInteractability: false, timeouts: {implicit: 0, pageLoad: 300000, script: 30000}, unhandledPromptBehavior: dismiss and notify, webauthn:extension:credBlob: true, webauthn:extension:largeBlob: true, webauthn:extension:minPinLength: true, webauthn:extension:prf: true, webauthn:virtualAuthenticators: true}&#10;Session ID: 05aa06bb463e8ea32c205d2a26b16b1b"/>
  </testcase>
  <testcase name="testCompletePurchase" classname="testCases.TC04_CompletePurchase" time="5.622"/>
  <testcase name="testCompletePurchase" classname="testCases.TC04_CompletePurchase" time="0.0">
    <skipped message="no such element: Unable to locate element: {&quot;method&quot;:&quot;xpath&quot;,&quot;selector&quot;:&quot;//strong[normalize-space()=&apos;login page&apos;]&quot;}&#10;  (Session info: chrome=150.0.7871.187)&#10;For documentation on this error, please visit: https://www.selenium.dev/documentation/webdriver/troubleshooting/errors#nosuchelementexception&#10;Build info: version: &apos;4.44.0&apos;, revision: &apos;da2039b&apos;&#10;System info: os.name: &apos;Windows 11&apos;, os.arch: &apos;amd64&apos;, os.version: &apos;10.0&apos;, java.version: &apos;21.0.11&apos;&#10;Driver info: org.openqa.selenium.chrome.ChromeDriver&#10;Command: [05aa06bb463e8ea32c205d2a26b16b1b, findElement {value=//strong[normalize-space()=&apos;login page&apos;], using=xpath}]&#10;Capabilities {acceptInsecureCerts: false, browserName: chrome, browserVersion: 150.0.7871.187, chrome: {chromedriverVersion: 150.0.7871.124 (9261fd0a595..., userDataDir: C:\Users\Affan\AppData\Loca...}, fedcm:accounts: true, goog:chromeOptions: {debuggerAddress: localhost:53060}, goog:processID: 15032, networkConnectionEnabled: false, pageLoadStrategy: normal, platformName: windows, proxy: Proxy(), se:cdp: ws://localhost:53060/devtoo..., se:cdpVersion: 150.0.7871.187, setWindowRect: true, strictFileInteractability: false, timeouts: {implicit: 0, pageLoad: 300000, script: 30000}, unhandledPromptBehavior: dismiss and notify, webauthn:extension:credBlob: true, webauthn:extension:largeBlob: true, webauthn:extension:minPinLength: true, webauthn:extension:prf: true, webauthn:virtualAuthenticators: true}&#10;Session ID: 05aa06bb463e8ea32c205d2a26b16b1b"/>
  </testcase>
  <testcase name="testCompletePurchase" classname="testCases.TC04_CompletePurchase" time="15.5">
    <failure message="no such element: Unable to locate element: {&quot;method&quot;:&quot;xpath&quot;,&quot;selector&quot;:&quot;//strong[normalize-space()=&apos;login page&apos;]&quot;}&#10;  (Session info: chrome=150.0.7871.187)&#10;For documentation on this error, please visit: https://www.selenium.dev/documentation/webdriver/troubleshooting/errors#nosuchelementexception&#10;Build info: version: &apos;4.44.0&apos;, revision: &apos;da2039b&apos;&#10;System info: os.name: &apos;Windows 11&apos;, os.arch: &apos;amd64&apos;, os.version: &apos;10.0&apos;, java.version: &apos;21.0.11&apos;&#10;Driver info: org.openqa.selenium.chrome.ChromeDriver&#10;Command: [05aa06bb463e8ea32c205d2a26b16b1b, findElement {value=//strong[normalize-space()=&apos;login page&apos;], using=xpath}]&#10;Capabilities {acceptInsecureCerts: false, browserName: chrome, browserVersion: 150.0.7871.187, chrome: {chromedriverVersion: 150.0.7871.124 (9261fd0a595..., userDataDir: C:\Users\Affan\AppData\Loca...}, fedcm:accounts: true, goog:chromeOptions: {debuggerAddress: localhost:53060}, goog:processID: 15032, networkConnectionEnabled: false, pageLoadStrategy: normal, platformName: windows, proxy: Proxy(), se:cdp: ws://localhost:53060/devtoo..., se:cdpVersion: 150.0.7871.187, setWindowRect: true, strictFileInteractability: false, timeouts: {implicit: 0, pageLoad: 300000, script: 30000}, unhandledPromptBehavior: dismiss and notify, webauthn:extension:credBlob: true, webauthn:extension:largeBlob: true, webauthn:extension:minPinLength: true, webauthn:extension:prf: true, webauthn:virtualAuthenticators: true}&#10;Session ID: 05aa06bb463e8ea32c205d2a26b16b1b" type="org.openqa.selenium.NoSuchElementException"><![CDATA[org.openqa.selenium.NoSuchElementException: 
no such element: Unable to locate element: {"method":"xpath","selector":"//strong[normalize-space()='login page']"}
  (Session info: chrome=150.0.7871.187)
For documentation on this error, please visit: https://www.selenium.dev/documentation/webdriver/troubleshooting/errors#nosuchelementexception
Build info: version: '4.44.0', revision: 'da2039b'
System info: os.name: 'Windows 11', os.arch: 'amd64', os.version: '10.0', java.version: '21.0.11'
Driver info: org.openqa.selenium.chrome.ChromeDriver
Command: [05aa06bb463e8ea32c205d2a26b16b1b, findElement {value=//strong[normalize-space()='login page'], using=xpath}]
Capabilities {acceptInsecureCerts: false, browserName: chrome, browserVersion: 150.0.7871.187, chrome: {chromedriverVersion: 150.0.7871.124 (9261fd0a595..., userDataDir: C:\Users\Affan\AppData\Loca...}, fedcm:accounts: true, goog:chromeOptions: {debuggerAddress: localhost:53060}, goog:processID: 15032, networkConnectionEnabled: false, pageLoadStrategy: normal, platformName: windows, proxy: Proxy(), se:cdp: ws://localhost:53060/devtoo..., se:cdpVersion: 150.0.7871.187, setWindowRect: true, strictFileInteractability: false, timeouts: {implicit: 0, pageLoad: 300000, script: 30000}, unhandledPromptBehavior: dismiss and notify, webauthn:extension:credBlob: true, webauthn:extension:largeBlob: true, webauthn:extension:minPinLength: true, webauthn:extension:prf: true, webauthn:virtualAuthenticators: true}
Session ID: 05aa06bb463e8ea32c205d2a26b16b1b
	at org.openqa.selenium.remote.ErrorCodec.decode(ErrorCodec.java:169)
	at org.openqa.selenium.remote.codec.w3c.W3CHttpResponseCodec.decode(W3CHttpResponseCodec.java:143)
	at org.openqa.selenium.remote.codec.w3c.W3CHttpResponseCodec.decode(W3CHttpResponseCodec.java:50)
	at org.openqa.selenium.remote.HttpCommandExecutor.execute(HttpCommandExecutor.java:224)
	at org.openqa.selenium.remote.service.DriverCommandExecutor.invokeExecute(DriverCommandExecutor.java:217)
	at org.openqa.selenium.remote.service.DriverCommandExecutor.execute(DriverCommandExecutor.java:175)
	at org.openqa.selenium.remote.RemoteWebDriver.execute(RemoteWebDriver.java:600)
	at org.openqa.selenium.remote.ElementLocation$ElementFinder$2.findElement(ElementLocation.java:173)
	at org.openqa.selenium.remote.ElementLocation.findElement(ElementLocation.java:60)
	at org.openqa.selenium.remote.RemoteWebDriver.findElement(RemoteWebDriver.java:421)
	at org.openqa.selenium.remote.RemoteWebDriver.findElement(RemoteWebDriver.java:415)
	at org.openqa.selenium.support.pagefactory.DefaultElementLocator.findElement(DefaultElementLocator.java:69)
	at org.openqa.selenium.support.pagefactory.internal.LocatingElementHandler.invoke(LocatingElementHandler.java:38)
	at jdk.proxy2/jdk.proxy2.$Proxy28.click(Unknown Source)
	at pageObjects.CheckoutPage.clickLogin(CheckoutPage.java:37)
	at testCases.TC04_CompletePurchase.testCompletePurchase(TC04_CompletePurchase.java:61)
	at java.base/jdk.internal.reflect.DirectMethodHandleAccessor.invoke(DirectMethodHandleAccessor.java:103)
	at java.base/java.lang.reflect.Method.invoke(Method.java:580)
	at org.testng.internal.invokers.MethodInvocationHelper.invokeMethod(MethodInvocationHelper.java:141)
	at org.testng.internal.invokers.TestInvoker.invokeMethod(TestInvoker.java:697)
	at org.testng.internal.invokers.TestInvoker.retryFailed(TestInvoker.java:280)
	at org.testng.internal.invokers.MethodRunner.runInSequence(MethodRunner.java:76)
	at org.testng.internal.invokers.TestInvoker$MethodInvocationAgent.invoke(TestInvoker.java:1005)
	at org.testng.internal.invokers.TestInvoker.invokeTestMethods(TestInvoker.java:203)
	at org.testng.internal.invokers.TestMethodWorker.invokeTestMethods(TestMethodWorker.java:154)
	at org.testng.internal.invokers.TestMethodWorker.run(TestMethodWorker.java:134)
	at java.base/java.util.ArrayList.forEach(ArrayList.java:1596)
	at org.testng.TestRunner.privateRun(TestRunner.java:744)
	at org.testng.TestRunner.run(TestRunner.java:616)
	at org.testng.SuiteRunner.runTest(SuiteRunner.java:421)
	at org.testng.SuiteRunner$SuiteWorker.run(SuiteRunner.java:463)
	at org.testng.internal.thread.ThreadUtil.lambda$execute$0(ThreadUtil.java:64)
	at java.base/java.util.concurrent.FutureTask.run(FutureTask.java:317)
	at java.base/java.util.concurrent.ThreadPoolExecutor.runWorker(ThreadPoolExecutor.java:1144)
	at java.base/java.util.concurrent.ThreadPoolExecutor$Worker.run(ThreadPoolExecutor.java:642)
	at java.base/java.lang.Thread.run(Thread.java:1583)
]]></failure>
  </testcase>
</testsuite>