<?xml version="1.0" encoding="UTF-8"?>
<testng-results retried="4" ignored="0" total="34" passed="28" failed="2" skipped="0">
  <reporter-output>
  </reporter-output>
  <suite started-at="2026-07-29T20:20:57 EDT" name="Suite" finished-at="2026-07-29T20:22:07 EDT" duration-ms="69942">
    <groups>
      <group name="datadriven">
        <method signature="TC02_Login.testLogin(java.lang.String,java.lang.String)[pri:0, instance:testCases.TC02_Login@149dd36b]" name="testLogin" class="testCases.TC02_Login"/>
        <method signature="TC02_Login.testLogin(java.lang.String,java.lang.String)[pri:0, instance:testCases.TC02_Login@2826f61]" name="testLogin" class="testCases.TC02_Login"/>
        <method signature="TC02_Login.testLogin(java.lang.String,java.lang.String)[pri:0, instance:testCases.TC02_Login@15dcfae7]" name="testLogin" class="testCases.TC02_Login"/>
      </group> <!-- datadriven -->
      <group name="regression">
        <method signature="TC01_LaunchApplication.testLaunchApp()[pri:0, instance:testCases.TC01_LaunchApplication@797cf65c]" name="testLaunchApp" class="testCases.TC01_LaunchApplication"/>
        <method signature="TC02_Login.testLogin(java.lang.String,java.lang.String)[pri:0, instance:testCases.TC02_Login@149dd36b]" name="testLogin" class="testCases.TC02_Login"/>
        <method signature="TC03_AddToCart.testAddToCart()[pri:0, instance:testCases.TC03_AddToCart@3a12c404]" name="testAddToCart" class="testCases.TC03_AddToCart"/>
        <method signature="TC04_CompletePurchase.testCompletePurchase()[pri:0, instance:testCases.TC04_CompletePurchase@38831718]" name="testCompletePurchase" class="testCases.TC04_CompletePurchase"/>
        <method signature="TC05_AddToWishList.testAddToWishList()[pri:0, instance:testCases.TC05_AddToWishList@1941a8ff]" name="testAddToWishList" class="testCases.TC05_AddToWishList"/>
        <method signature="TC06_AddAffiliate.testAddAffiliate()[pri:0, instance:testCases.TC06_AddAffiliate@22d7b4f8]" name="testAddAffiliate" class="testCases.TC06_AddAffiliate"/>
        <method signature="TC01_LaunchApplication.testLaunchApp()[pri:0, instance:testCases.TC01_LaunchApplication@5629510]" name="testLaunchApp" class="testCases.TC01_LaunchApplication"/>
        <method signature="TC02_Login.testLogin(java.lang.String,java.lang.String)[pri:0, instance:testCases.TC02_Login@2826f61]" name="testLogin" class="testCases.TC02_Login"/>
        <method signature="TC03_AddToCart.testAddToCart()[pri:0, instance:testCases.TC03_AddToCart@4df5bcb4]" name="testAddToCart" class="testCases.TC03_AddToCart"/>
        <method signature="TC04_CompletePurchase.testCompletePurchase()[pri:0, instance:testCases.TC04_CompletePurchase@62727399]" name="testCompletePurchase" class="testCases.TC04_CompletePurchase"/>
        <method signature="TC05_AddToWishList.testAddToWishList()[pri:0, instance:testCases.TC05_AddToWishList@12c7a01b]" name="testAddToWishList" class="testCases.TC05_AddToWishList"/>
        <method signature="TC06_AddAffiliate.testAddAffiliate()[pri:0, instance:testCases.TC06_AddAffiliate@13d9b21f]" name="testAddAffiliate" class="testCases.TC06_AddAffiliate"/>
        <method signature="TC01_LaunchApplication.testLaunchApp()[pri:0, instance:testCases.TC01_LaunchApplication@130dca52]" name="testLaunchApp" class="testCases.TC01_LaunchApplication"/>
        <method signature="TC02_Login.testLogin(java.lang.String,java.lang.String)[pri:0, instance:testCases.TC02_Login@15dcfae7]" name="testLogin" class="testCases.TC02_Login"/>
        <method signature="TC03_AddToCart.testAddToCart()[pri:0, instance:testCases.TC03_AddToCart@2654635]" name="testAddToCart" class="testCases.TC03_AddToCart"/>
        <method signature="TC04_CompletePurchase.testCompletePurchase()[pri:0, instance:testCases.TC04_CompletePurchase@3da05287]" name="testCompletePurchase" class="testCases.TC04_CompletePurchase"/>
        <method signature="TC05_AddToWishList.testAddToWishList()[pri:0, instance:testCases.TC05_AddToWishList@737a135b]" name="testAddToWishList" class="testCases.TC05_AddToWishList"/>
        <method signature="TC06_AddAffiliate.testAddAffiliate()[pri:0, instance:testCases.TC06_AddAffiliate@687ef2e0]" name="testAddAffiliate" class="testCases.TC06_AddAffiliate"/>
      </group> <!-- regression -->
      <group name="sanity">
        <method signature="TC01_LaunchApplication.testLaunchApp()[pri:0, instance:testCases.TC01_LaunchApplication@797cf65c]" name="testLaunchApp" class="testCases.TC01_LaunchApplication"/>
        <method signature="TC02_Login.testLogin(java.lang.String,java.lang.String)[pri:0, instance:testCases.TC02_Login@149dd36b]" name="testLogin" class="testCases.TC02_Login"/>
        <method signature="TC03_AddToCart.testAddToCart()[pri:0, instance:testCases.TC03_AddToCart@3a12c404]" name="testAddToCart" class="testCases.TC03_AddToCart"/>
        <method signature="TC04_CompletePurchase.testCompletePurchase()[pri:0, instance:testCases.TC04_CompletePurchase@38831718]" name="testCompletePurchase" class="testCases.TC04_CompletePurchase"/>
        <method signature="TC01_LaunchApplication.testLaunchApp()[pri:0, instance:testCases.TC01_LaunchApplication@5629510]" name="testLaunchApp" class="testCases.TC01_LaunchApplication"/>
        <method signature="TC02_Login.testLogin(java.lang.String,java.lang.String)[pri:0, instance:testCases.TC02_Login@2826f61]" name="testLogin" class="testCases.TC02_Login"/>
        <method signature="TC03_AddToCart.testAddToCart()[pri:0, instance:testCases.TC03_AddToCart@4df5bcb4]" name="testAddToCart" class="testCases.TC03_AddToCart"/>
        <method signature="TC04_CompletePurchase.testCompletePurchase()[pri:0, instance:testCases.TC04_CompletePurchase@62727399]" name="testCompletePurchase" class="testCases.TC04_CompletePurchase"/>
        <method signature="TC01_LaunchApplication.testLaunchApp()[pri:0, instance:testCases.TC01_LaunchApplication@130dca52]" name="testLaunchApp" class="testCases.TC01_LaunchApplication"/>
        <method signature="TC02_Login.testLogin(java.lang.String,java.lang.String)[pri:0, instance:testCases.TC02_Login@15dcfae7]" name="testLogin" class="testCases.TC02_Login"/>
        <method signature="TC03_AddToCart.testAddToCart()[pri:0, instance:testCases.TC03_AddToCart@2654635]" name="testAddToCart" class="testCases.TC03_AddToCart"/>
        <method signature="TC04_CompletePurchase.testCompletePurchase()[pri:0, instance:testCases.TC04_CompletePurchase@3da05287]" name="testCompletePurchase" class="testCases.TC04_CompletePurchase"/>
      </group> <!-- sanity -->
    </groups>
    <test started-at="2026-07-29T20:20:57 EDT" name="chromeTest" finished-at="2026-07-29T20:21:42 EDT" duration-ms="45051">
      <class name="testCases.TC02_Login">
        <test-method is-config="true" signature="openApp(java.lang.String,java.lang.String)[pri:0, instance:testCases.TC02_Login@149dd36b]" started-at="2026-07-29T20:21:20 EDT" name="openApp" finished-at="2026-07-29T20:21:22 EDT" duration-ms="1682" status="PASS">
          <params>
            <param index="0">
              <value>
                <![CDATA[windows]]>
              </value>
            </param>
            <param index="1">
              <value>
                <![CDATA[chrome]]>
              </value>
            </param>
          </params>
          <reporter-output>
          </reporter-output>
        </test-method> <!-- openApp -->
        <test-method signature="testLogin(java.lang.String,java.lang.String)[pri:0, instance:testCases.TC02_Login@149dd36b]" started-at="2026-07-29T20:21:22 EDT" name="testLogin" data-provider="LoginData" finished-at="2026-07-29T20:21:24 EDT" duration-ms="1958" status="PASS">
          <params>
            <param index="0">
              <value>
                <![CDATA[smitasharma.qa@gmail.com]]>
              </value>
            </param>
            <param index="1">
              <value>
                <![CDATA[ss*QA123]]>
              </value>
            </param>
          </params>
          <reporter-output>
          </reporter-output>
        </test-method> <!-- testLogin -->
        <test-method signature="testLogin(java.lang.String,java.lang.String)[pri:0, instance:testCases.TC02_Login@149dd36b]" started-at="2026-07-29T20:21:24 EDT" name="testLogin" data-provider="LoginData" finished-at="2026-07-29T20:21:26 EDT" duration-ms="1574" status="PASS">
          <params>
            <param index="0">
              <value>
                <![CDATA[nona@yahoo.com]]>
              </value>
            </param>
            <param index="1">
              <value>
                <![CDATA[QWER!@#$]]>
              </value>
            </param>
          </params>
          <reporter-output>
          </reporter-output>
        </test-method> <!-- testLogin -->
        <test-method signature="testLogin(java.lang.String,java.lang.String)[pri:0, instance:testCases.TC02_Login@149dd36b]" started-at="2026-07-29T20:21:26 EDT" name="testLogin" data-provider="LoginData" finished-at="2026-07-29T20:21:27 EDT" duration-ms="1604" status="PASS">
          <params>
            <param index="0">
              <value>
                <![CDATA[sid@cloudberry.services]]>
              </value>
            </param>
            <param index="1">
              <value>
                <![CDATA[Test123]]>
              </value>
            </param>
          </params>
          <reporter-output>
          </reporter-output>
        </test-method> <!-- testLogin -->
        <test-method signature="testLogin(java.lang.String,java.lang.String)[pri:0, instance:testCases.TC02_Login@149dd36b]" started-at="2026-07-29T20:21:27 EDT" name="testLogin" data-provider="LoginData" finished-at="2026-07-29T20:21:29 EDT" duration-ms="1556" status="PASS">
          <params>
            <param index="0">
              <value>
                <![CDATA[apushedwoman@gmail.com]]>
              </value>
            </param>
            <param index="1">
              <value>
                <![CDATA[password123]]>
              </value>
            </param>
          </params>
          <reporter-output>
          </reporter-output>
        </test-method> <!-- testLogin -->
        <test-method signature="testLogin(java.lang.String,java.lang.String)[pri:0, instance:testCases.TC02_Login@149dd36b]" started-at="2026-07-29T20:21:29 EDT" name="testLogin" data-provider="LoginData" finished-at="2026-07-29T20:21:30 EDT" duration-ms="1416" status="PASS">
          <params>
            <param index="0">
              <value>
                <![CDATA[hichamkhachiai@gmail.com]]>
              </value>
            </param>
            <param index="1">
              <value>
                <![CDATA[hicham123]]>
              </value>
            </param>
          </params>
          <reporter-output>
          </reporter-output>
        </test-method> <!-- testLogin -->
        <test-method is-config="true" signature="closeApp()[pri:0, instance:testCases.TC02_Login@149dd36b]" started-at="2026-07-29T20:21:30 EDT" name="closeApp" finished-at="2026-07-29T20:21:31 EDT" duration-ms="178" status="PASS">
          <reporter-output>
          </reporter-output>
        </test-method> <!-- closeApp -->
      </class> <!-- testCases.TC02_Login -->
      <class name="testCases.TC05_AddToWishList">
        <test-method is-config="true" signature="openApp(java.lang.String,java.lang.String)[pri:0, instance:testCases.TC05_AddToWishList@1941a8ff]" started-at="2026-07-29T20:21:08 EDT" name="openApp" finished-at="2026-07-29T20:21:10 EDT" duration-ms="1941" status="PASS">
          <params>
            <param index="0">
              <value>
                <![CDATA[windows]]>
              </value>
            </param>
            <param index="1">
              <value>
                <![CDATA[chrome]]>
              </value>
            </param>
          </params>
          <reporter-output>
          </reporter-output>
        </test-method> <!-- openApp -->
        <test-method signature="testAddToWishList()[pri:0, instance:testCases.TC05_AddToWishList@1941a8ff]" started-at="2026-07-29T20:21:10 EDT" name="testAddToWishList" finished-at="2026-07-29T20:21:14 EDT" duration-ms="4076" status="PASS">
          <reporter-output>
          </reporter-output>
        </test-method> <!-- testAddToWishList -->
        <test-method is-config="true" signature="closeApp()[pri:0, instance:testCases.TC05_AddToWishList@1941a8ff]" started-at="2026-07-29T20:21:14 EDT" name="closeApp" finished-at="2026-07-29T20:21:14 EDT" duration-ms="154" status="PASS">
          <reporter-output>
          </reporter-output>
        </test-method> <!-- closeApp -->
      </class> <!-- testCases.TC05_AddToWishList -->
      <class name="testCases.TC01_LaunchApplication">
        <test-method is-config="true" signature="openApp(java.lang.String,java.lang.String)[pri:0, instance:testCases.TC01_LaunchApplication@797cf65c]" started-at="2026-07-29T20:20:57 EDT" name="openApp" finished-at="2026-07-29T20:20:59 EDT" duration-ms="2511" status="PASS">
          <params>
            <param index="0">
              <value>
                <![CDATA[windows]]>
              </value>
            </param>
            <param index="1">
              <value>
                <![CDATA[chrome]]>
              </value>
            </param>
          </params>
          <reporter-output>
          </reporter-output>
        </test-method> <!-- openApp -->
        <test-method signature="testLaunchApp()[pri:0, instance:testCases.TC01_LaunchApplication@797cf65c]" started-at="2026-07-29T20:20:59 EDT" name="testLaunchApp" finished-at="2026-07-29T20:20:59 EDT" duration-ms="72" status="PASS">
          <reporter-output>
          </reporter-output>
        </test-method> <!-- testLaunchApp -->
        <test-method is-config="true" signature="closeApp()[pri:0, instance:testCases.TC01_LaunchApplication@797cf65c]" started-at="2026-07-29T20:20:59 EDT" name="closeApp" finished-at="2026-07-29T20:21:00 EDT" duration-ms="154" status="PASS">
          <reporter-output>
          </reporter-output>
        </test-method> <!-- closeApp -->
      </class> <!-- testCases.TC01_LaunchApplication -->
      <class name="testCases.TC03_AddToCart">
        <test-method is-config="true" signature="openApp(java.lang.String,java.lang.String)[pri:0, instance:testCases.TC03_AddToCart@3a12c404]" started-at="2026-07-29T20:21:00 EDT" name="openApp" finished-at="2026-07-29T20:21:03 EDT" duration-ms="3161" status="PASS">
          <params>
            <param index="0">
              <value>
                <![CDATA[windows]]>
              </value>
            </param>
            <param index="1">
              <value>
                <![CDATA[chrome]]>
              </value>
            </param>
          </params>
          <reporter-output>
          </reporter-output>
        </test-method> <!-- openApp -->
        <test-method signature="testAddToCart()[pri:0, instance:testCases.TC03_AddToCart@3a12c404]" started-at="2026-07-29T20:21:03 EDT" name="testAddToCart" finished-at="2026-07-29T20:21:07 EDT" duration-ms="4662" status="PASS">
          <reporter-output>
          </reporter-output>
        </test-method> <!-- testAddToCart -->
        <test-method is-config="true" signature="closeApp()[pri:0, instance:testCases.TC03_AddToCart@3a12c404]" started-at="2026-07-29T20:21:07 EDT" name="closeApp" finished-at="2026-07-29T20:21:08 EDT" duration-ms="777" status="PASS">
          <reporter-output>
          </reporter-output>
        </test-method> <!-- closeApp -->
      </class> <!-- testCases.TC03_AddToCart -->
      <class name="testCases.TC06_AddAffiliate">
        <test-method is-config="true" signature="openApp(java.lang.String,java.lang.String)[pri:0, instance:testCases.TC06_AddAffiliate@22d7b4f8]" started-at="2026-07-29T20:21:14 EDT" name="openApp" finished-at="2026-07-29T20:21:16 EDT" duration-ms="1774" status="PASS">
          <params>
            <param index="0">
              <value>
                <![CDATA[windows]]>
              </value>
            </param>
            <param index="1">
              <value>
                <![CDATA[chrome]]>
              </value>
            </param>
          </params>
          <reporter-output>
          </reporter-output>
        </test-method> <!-- openApp -->
        <test-method signature="testAddAffiliate()[pri:0, instance:testCases.TC06_AddAffiliate@22d7b4f8]" started-at="2026-07-29T20:21:16 EDT" name="testAddAffiliate" finished-at="2026-07-29T20:21:20 EDT" duration-ms="3614" status="PASS">
          <reporter-output>
          </reporter-output>
        </test-method> <!-- testAddAffiliate -->
        <test-method is-config="true" signature="closeApp()[pri:0, instance:testCases.TC06_AddAffiliate@22d7b4f8]" started-at="2026-07-29T20:21:20 EDT" name="closeApp" finished-at="2026-07-29T20:21:20 EDT" duration-ms="190" status="PASS">
          <reporter-output>
          </reporter-output>
        </test-method> <!-- closeApp -->
      </class> <!-- testCases.TC06_AddAffiliate -->
      <class name="testCases.TC04_CompletePurchase">
        <test-method is-config="true" signature="openApp(java.lang.String,java.lang.String)[pri:0, instance:testCases.TC04_CompletePurchase@38831718]" started-at="2026-07-29T20:21:31 EDT" name="openApp" finished-at="2026-07-29T20:21:32 EDT" duration-ms="1748" status="PASS">
          <params>
            <param index="0">
              <value>
                <![CDATA[windows]]>
              </value>
            </param>
            <param index="1">
              <value>
                <![CDATA[chrome]]>
              </value>
            </param>
          </params>
          <reporter-output>
          </reporter-output>
        </test-method> <!-- openApp -->
        <test-method signature="testCompletePurchase()[pri:0, instance:testCases.TC04_CompletePurchase@38831718]" started-at="2026-07-29T20:21:32 EDT" name="testCompletePurchase" finished-at="2026-07-29T20:21:41 EDT" duration-ms="9014" status="PASS">
          <reporter-output>
          </reporter-output>
        </test-method> <!-- testCompletePurchase -->
        <test-method is-config="true" signature="closeApp()[pri:0, instance:testCases.TC04_CompletePurchase@38831718]" started-at="2026-07-29T20:21:41 EDT" name="closeApp" finished-at="2026-07-29T20:21:42 EDT" duration-ms="263" status="PASS">
          <reporter-output>
          </reporter-output>
        </test-method> <!-- closeApp -->
      </class> <!-- testCases.TC04_CompletePurchase -->
    </test> <!-- chromeTest -->
    <test started-at="2026-07-29T20:20:57 EDT" name="edgeTest" finished-at="2026-07-29T20:21:48 EDT" duration-ms="51808">
      <class name="testCases.TC02_Login">
        <test-method is-config="true" signature="openApp(java.lang.String,java.lang.String)[pri:0, instance:testCases.TC02_Login@2826f61]" started-at="2026-07-29T20:21:19 EDT" name="openApp" finished-at="2026-07-29T20:21:21 EDT" duration-ms="2172" status="PASS">
          <params>
            <param index="0">
              <value>
                <![CDATA[windows]]>
              </value>
            </param>
            <param index="1">
              <value>
                <![CDATA[edge]]>
              </value>
            </param>
          </params>
          <reporter-output>
          </reporter-output>
        </test-method> <!-- openApp -->
        <test-method signature="testLogin(java.lang.String,java.lang.String)[pri:0, instance:testCases.TC02_Login@2826f61]" started-at="2026-07-29T20:21:22 EDT" name="testLogin" data-provider="LoginData" finished-at="2026-07-29T20:21:25 EDT" duration-ms="2795" status="PASS">
          <params>
            <param index="0">
              <value>
                <![CDATA[smitasharma.qa@gmail.com]]>
              </value>
            </param>
            <param index="1">
              <value>
                <![CDATA[ss*QA123]]>
              </value>
            </param>
          </params>
          <reporter-output>
          </reporter-output>
        </test-method> <!-- testLogin -->
        <test-method signature="testLogin(java.lang.String,java.lang.String)[pri:0, instance:testCases.TC02_Login@2826f61]" started-at="2026-07-29T20:21:25 EDT" name="testLogin" data-provider="LoginData" finished-at="2026-07-29T20:21:27 EDT" duration-ms="1647" status="PASS">
          <params>
            <param index="0">
              <value>
                <![CDATA[nona@yahoo.com]]>
              </value>
            </param>
            <param index="1">
              <value>
                <![CDATA[QWER!@#$]]>
              </value>
            </param>
          </params>
          <reporter-output>
          </reporter-output>
        </test-method> <!-- testLogin -->
        <test-method signature="testLogin(java.lang.String,java.lang.String)[pri:0, instance:testCases.TC02_Login@2826f61]" started-at="2026-07-29T20:21:27 EDT" name="testLogin" data-provider="LoginData" finished-at="2026-07-29T20:21:28 EDT" duration-ms="1698" status="PASS">
          <params>
            <param index="0">
              <value>
                <![CDATA[sid@cloudberry.services]]>
              </value>
            </param>
            <param index="1">
              <value>
                <![CDATA[Test123]]>
              </value>
            </param>
          </params>
          <reporter-output>
          </reporter-output>
        </test-method> <!-- testLogin -->
        <test-method signature="testLogin(java.lang.String,java.lang.String)[pri:0, instance:testCases.TC02_Login@2826f61]" started-at="2026-07-29T20:21:28 EDT" name="testLogin" data-provider="LoginData" finished-at="2026-07-29T20:21:30 EDT" duration-ms="1877" status="PASS">
          <params>
            <param index="0">
              <value>
                <![CDATA[apushedwoman@gmail.com]]>
              </value>
            </param>
            <param index="1">
              <value>
                <![CDATA[password123]]>
              </value>
            </param>
          </params>
          <reporter-output>
          </reporter-output>
        </test-method> <!-- testLogin -->
        <test-method signature="testLogin(java.lang.String,java.lang.String)[pri:0, instance:testCases.TC02_Login@2826f61]" started-at="2026-07-29T20:21:30 EDT" name="testLogin" data-provider="LoginData" finished-at="2026-07-29T20:21:32 EDT" duration-ms="1651" status="PASS">
          <params>
            <param index="0">
              <value>
                <![CDATA[hichamkhachiai@gmail.com]]>
              </value>
            </param>
            <param index="1">
              <value>
                <![CDATA[hicham123]]>
              </value>
            </param>
          </params>
          <reporter-output>
          </reporter-output>
        </test-method> <!-- testLogin -->
        <test-method is-config="true" signature="closeApp()[pri:0, instance:testCases.TC02_Login@2826f61]" started-at="2026-07-29T20:21:32 EDT" name="closeApp" finished-at="2026-07-29T20:21:33 EDT" duration-ms="550" status="PASS">
          <reporter-output>
          </reporter-output>
        </test-method> <!-- closeApp -->
      </class> <!-- testCases.TC02_Login -->
      <class name="testCases.TC05_AddToWishList">
        <test-method is-config="true" signature="openApp(java.lang.String,java.lang.String)[pri:0, instance:testCases.TC05_AddToWishList@12c7a01b]" started-at="2026-07-29T20:21:06 EDT" name="openApp" finished-at="2026-07-29T20:21:09 EDT" duration-ms="2407" status="PASS">
          <params>
            <param index="0">
              <value>
                <![CDATA[windows]]>
              </value>
            </param>
            <param index="1">
              <value>
                <![CDATA[edge]]>
              </value>
            </param>
          </params>
          <reporter-output>
          </reporter-output>
        </test-method> <!-- openApp -->
        <test-method signature="testAddToWishList()[pri:0, instance:testCases.TC05_AddToWishList@12c7a01b]" started-at="2026-07-29T20:21:09 EDT" name="testAddToWishList" finished-at="2026-07-29T20:21:13 EDT" duration-ms="4089" status="PASS">
          <reporter-output>
          </reporter-output>
        </test-method> <!-- testAddToWishList -->
        <test-method is-config="true" signature="closeApp()[pri:0, instance:testCases.TC05_AddToWishList@12c7a01b]" started-at="2026-07-29T20:21:13 EDT" name="closeApp" finished-at="2026-07-29T20:21:13 EDT" duration-ms="208" status="PASS">
          <reporter-output>
          </reporter-output>
        </test-method> <!-- closeApp -->
      </class> <!-- testCases.TC05_AddToWishList -->
      <class name="testCases.TC01_LaunchApplication">
        <test-method is-config="true" signature="openApp(java.lang.String,java.lang.String)[pri:0, instance:testCases.TC01_LaunchApplication@5629510]" started-at="2026-07-29T20:20:57 EDT" name="openApp" finished-at="2026-07-29T20:20:59 EDT" duration-ms="2592" status="PASS">
          <params>
            <param index="0">
              <value>
                <![CDATA[windows]]>
              </value>
            </param>
            <param index="1">
              <value>
                <![CDATA[edge]]>
              </value>
            </param>
          </params>
          <reporter-output>
          </reporter-output>
        </test-method> <!-- openApp -->
        <test-method signature="testLaunchApp()[pri:0, instance:testCases.TC01_LaunchApplication@5629510]" started-at="2026-07-29T20:20:59 EDT" name="testLaunchApp" finished-at="2026-07-29T20:20:59 EDT" duration-ms="14" status="PASS">
          <reporter-output>
          </reporter-output>
        </test-method> <!-- testLaunchApp -->
        <test-method is-config="true" signature="closeApp()[pri:0, instance:testCases.TC01_LaunchApplication@5629510]" started-at="2026-07-29T20:20:59 EDT" name="closeApp" finished-at="2026-07-29T20:21:00 EDT" duration-ms="202" status="PASS">
          <reporter-output>
          </reporter-output>
        </test-method> <!-- closeApp -->
      </class> <!-- testCases.TC01_LaunchApplication -->
      <class name="testCases.TC03_AddToCart">
        <test-method is-config="true" signature="openApp(java.lang.String,java.lang.String)[pri:0, instance:testCases.TC03_AddToCart@4df5bcb4]" started-at="2026-07-29T20:21:00 EDT" name="openApp" finished-at="2026-07-29T20:21:02 EDT" duration-ms="1937" status="PASS">
          <params>
            <param index="0">
              <value>
                <![CDATA[windows]]>
              </value>
            </param>
            <param index="1">
              <value>
                <![CDATA[edge]]>
              </value>
            </param>
          </params>
          <reporter-output>
          </reporter-output>
        </test-method> <!-- openApp -->
        <test-method signature="testAddToCart()[pri:0, instance:testCases.TC03_AddToCart@4df5bcb4]" started-at="2026-07-29T20:21:02 EDT" name="testAddToCart" finished-at="2026-07-29T20:21:06 EDT" duration-ms="4348" status="PASS">
          <reporter-output>
          </reporter-output>
        </test-method> <!-- testAddToCart -->
        <test-method is-config="true" signature="closeApp()[pri:0, instance:testCases.TC03_AddToCart@4df5bcb4]" started-at="2026-07-29T20:21:06 EDT" name="closeApp" finished-at="2026-07-29T20:21:06 EDT" duration-ms="227" status="PASS">
          <reporter-output>
          </reporter-output>
        </test-method> <!-- closeApp -->
      </class> <!-- testCases.TC03_AddToCart -->
      <class name="testCases.TC06_AddAffiliate">
        <test-method is-config="true" signature="openApp(java.lang.String,java.lang.String)[pri:0, instance:testCases.TC06_AddAffiliate@13d9b21f]" started-at="2026-07-29T20:21:13 EDT" name="openApp" finished-at="2026-07-29T20:21:15 EDT" duration-ms="1847" status="PASS">
          <params>
            <param index="0">
              <value>
                <![CDATA[windows]]>
              </value>
            </param>
            <param index="1">
              <value>
                <![CDATA[edge]]>
              </value>
            </param>
          </params>
          <reporter-output>
          </reporter-output>
        </test-method> <!-- openApp -->
        <test-method signature="testAddAffiliate()[pri:0, instance:testCases.TC06_AddAffiliate@13d9b21f]" started-at="2026-07-29T20:21:15 EDT" name="testAddAffiliate" finished-at="2026-07-29T20:21:19 EDT" duration-ms="4194" status="PASS">
          <reporter-output>
          </reporter-output>
        </test-method> <!-- testAddAffiliate -->
        <test-method is-config="true" signature="closeApp()[pri:0, instance:testCases.TC06_AddAffiliate@13d9b21f]" started-at="2026-07-29T20:21:19 EDT" name="closeApp" finished-at="2026-07-29T20:21:19 EDT" duration-ms="211" status="PASS">
          <reporter-output>
          </reporter-output>
        </test-method> <!-- closeApp -->
      </class> <!-- testCases.TC06_AddAffiliate -->
      <class name="testCases.TC04_CompletePurchase">
        <test-method is-config="true" signature="openApp(java.lang.String,java.lang.String)[pri:0, instance:testCases.TC04_CompletePurchase@62727399]" started-at="2026-07-29T20:21:33 EDT" name="openApp" finished-at="2026-07-29T20:21:36 EDT" duration-ms="3859" status="PASS">
          <params>
            <param index="0">
              <value>
                <![CDATA[windows]]>
              </value>
            </param>
            <param index="1">
              <value>
                <![CDATA[edge]]>
              </value>
            </param>
          </params>
          <reporter-output>
          </reporter-output>
        </test-method> <!-- openApp -->
        <test-method retried="true" signature="testCompletePurchase()[pri:0, instance:testCases.TC04_CompletePurchase@62727399]" started-at="2026-07-29T20:21:36 EDT" name="testCompletePurchase" finished-at="2026-07-29T20:21:44 EDT" duration-ms="7997" status="SKIP">
          <exception class="java.lang.AssertionError">
            <message>
              <![CDATA[Test failed due to unexpected exception.]]>
            </message>
            <full-stacktrace>
              <![CDATA[java.lang.AssertionError: Test failed due to unexpected exception.
at org.testng.Assert.fail(Assert.java:99)
at testCases.TC04_CompletePurchase.testCompletePurchase(TC04_CompletePurchase.java:102)
at java.base/jdk.internal.reflect.DirectMethodHandleAccessor.invoke(DirectMethodHandleAccessor.java:103)
at java.base/java.lang.reflect.Method.invoke(Method.java:580)
at org.testng.internal.invokers.MethodInvocationHelper.invokeMethod(MethodInvocationHelper.java:141)
at org.testng.internal.invokers.TestInvoker.invokeMethod(TestInvoker.java:697)
at org.testng.internal.invokers.TestInvoker.invokeTestMethod(TestInvoker.java:230)
at org.testng.internal.invokers.MethodRunner.runInSequence(MethodRunner.java:63)
at org.testng.internal.invokers.TestInvoker$MethodInvocationAgent.invoke(TestInvoker.java:1005)
at org.testng.internal.invokers.TestInvoker.invokeTestMethods(TestInvoker.java:203)
at org.testng.internal.invokers.TestMethodWorker.invokeTestMethods(TestMethodWorker.java:154)
at org.testng.internal.invokers.TestMethodWorker.run(TestMethodWorker.java:134)
at java.base/java.util.ArrayList.forEach(ArrayList.java:1596)
at org.testng.TestRunner.privateRun(TestRunner.java:744)
at org.testng.TestRunner.run(TestRunner.java:616)
at org.testng.SuiteRunner.runTest(SuiteRunner.java:421)
at org.testng.SuiteRunner$SuiteWorker.run(SuiteRunner.java:463)
at org.testng.internal.thread.ThreadUtil.lambda$execute$0(ThreadUtil.java:64)
at java.base/java.util.concurrent.FutureTask.run(FutureTask.java:317)
at java.base/java.util.concurrent.ThreadPoolExecutor.runWorker(ThreadPoolExecutor.java:1144)
at java.base/java.util.concurrent.ThreadPoolExecutor$Worker.run(ThreadPoolExecutor.java:642)
at java.base/java.lang.Thread.run(Thread.java:1583)
Caused by: org.openqa.selenium.ElementClickInterceptedException: element click intercepted: Element <button type="button" id="button-payment-methods" class="btn btn-primary">...</button> is not clickable at point (1159, 536). Other element would receive the click: <div id="modal-shipping" class="modal show" aria-modal="true" role="dialog" style="display: block;">...</div>
  (Session info: MicrosoftEdge=150.0.4078.105)
Build info: version: '4.44.0', revision: 'da2039b'
System info: os.name: 'Windows 11', os.arch: 'amd64', os.version: '10.0', java.version: '21.0.11'
Driver info: org.openqa.selenium.remote.RemoteWebDriver
Command: [22fe38ffc33baab6f1babf526ced1b82, clickElement {id=f.0E2E90642968993C7F80E65D13A6B9FB.d.23A046FDCC1BA3457A14283AD4FADBDB.e.302}]
Capabilities {acceptInsecureCerts: false, browserName: MicrosoftEdge, browserVersion: 150.0.4078.105, fedcm:accounts: true, goog:processID: 17720, ms:edgeOptions: {debuggerAddress: localhost:60714}, msedge: {msedgedriverVersion: 150.0.4078.105 (a88426f15a5..., userDataDir: C:\Users\Affan\AppData\Loca...}, networkConnectionEnabled: false, pageLoadStrategy: normal, platformName: Windows 11, proxy: Proxy(), se:bidiEnabled: false, se:cdp: ws://192.168.2.34:4444/sess..., se:cdpVersion: 150.0.4078.105, setWindowRect: true, strictFileInteractability: false, timeouts: {implicit: 0, pageLoad: 300000, script: 30000}, unhandledPromptBehavior: dismiss and notify, webauthn:extension:credBlob: true, webauthn:extension:largeBlob: true, webauthn:extension:minPinLength: true, webauthn:extension:prf: true, webauthn:virtualAuthenticators: true}
Element: [[RemoteWebDriver: MicrosoftEdge on Windows 11 (22fe38ffc33baab6f1babf526ced1b82)] -> id: button-payment-methods]
Session ID: 22fe38ffc33baab6f1babf526ced1b82
at org.openqa.selenium.remote.ErrorCodec.decode(ErrorCodec.java:169)
at org.openqa.selenium.remote.codec.w3c.W3CHttpResponseCodec.decode(W3CHttpResponseCodec.java:143)
at org.openqa.selenium.remote.codec.w3c.W3CHttpResponseCodec.decode(W3CHttpResponseCodec.java:50)
at org.openqa.selenium.remote.HttpCommandExecutor.execute(HttpCommandExecutor.java:224)
at org.openqa.selenium.remote.TracedCommandExecutor.execute(TracedCommandExecutor.java:53)
at org.openqa.selenium.remote.RemoteWebDriver.execute(RemoteWebDriver.java:600)
at org.openqa.selenium.remote.RemoteWebElement.execute(RemoteWebElement.java:225)
at org.openqa.selenium.remote.RemoteWebElement.click(RemoteWebElement.java:79)
at java.base/jdk.internal.reflect.DirectMethodHandleAccessor.invoke(DirectMethodHandleAccessor.java:103)
at java.base/java.lang.reflect.Method.invoke(Method.java:580)
at org.openqa.selenium.support.pagefactory.internal.LocatingElementHandler.invoke(LocatingElementHandler.java:51)
at jdk.proxy2/jdk.proxy2.$Proxy31.click(Unknown Source)
at pageObjects.CheckoutPage.completeCheckout(CheckoutPage.java:45)
at testCases.TC04_CompletePurchase.testCompletePurchase(TC04_CompletePurchase.java:70)
... 20 more
]]>
            </full-stacktrace>
          </exception> <!-- java.lang.AssertionError -->
          <reporter-output>
          </reporter-output>
        </test-method> <!-- testCompletePurchase -->
        <test-method retried="true" signature="testCompletePurchase()[pri:0, instance:testCases.TC04_CompletePurchase@62727399]" started-at="2026-07-29T20:21:44 EDT" name="testCompletePurchase" finished-at="2026-07-29T20:21:46 EDT" duration-ms="1677" status="SKIP">
          <exception class="java.lang.AssertionError">
            <message>
              <![CDATA[Test failed due to unexpected exception.]]>
            </message>
            <full-stacktrace>
              <![CDATA[java.lang.AssertionError: Test failed due to unexpected exception.
at org.testng.Assert.fail(Assert.java:99)
at testCases.TC04_CompletePurchase.testCompletePurchase(TC04_CompletePurchase.java:102)
at java.base/jdk.internal.reflect.DirectMethodHandleAccessor.invoke(DirectMethodHandleAccessor.java:103)
at java.base/java.lang.reflect.Method.invoke(Method.java:580)
at org.testng.internal.invokers.MethodInvocationHelper.invokeMethod(MethodInvocationHelper.java:141)
at org.testng.internal.invokers.TestInvoker.invokeMethod(TestInvoker.java:697)
at org.testng.internal.invokers.TestInvoker.retryFailed(TestInvoker.java:280)
at org.testng.internal.invokers.MethodRunner.runInSequence(MethodRunner.java:76)
at org.testng.internal.invokers.TestInvoker$MethodInvocationAgent.invoke(TestInvoker.java:1005)
at org.testng.internal.invokers.TestInvoker.invokeTestMethods(TestInvoker.java:203)
at org.testng.internal.invokers.TestMethodWorker.invokeTestMethods(TestMethodWorker.java:154)
at org.testng.internal.invokers.TestMethodWorker.run(TestMethodWorker.java:134)
at java.base/java.util.ArrayList.forEach(ArrayList.java:1596)
at org.testng.TestRunner.privateRun(TestRunner.java:744)
at org.testng.TestRunner.run(TestRunner.java:616)
at org.testng.SuiteRunner.runTest(SuiteRunner.java:421)
at org.testng.SuiteRunner$SuiteWorker.run(SuiteRunner.java:463)
at org.testng.internal.thread.ThreadUtil.lambda$execute$0(ThreadUtil.java:64)
at java.base/java.util.concurrent.FutureTask.run(FutureTask.java:317)
at java.base/java.util.concurrent.ThreadPoolExecutor.runWorker(ThreadPoolExecutor.java:1144)
at java.base/java.util.concurrent.ThreadPoolExecutor$Worker.run(ThreadPoolExecutor.java:642)
at java.base/java.lang.Thread.run(Thread.java:1583)
Caused by: org.openqa.selenium.ElementClickInterceptedException: element click intercepted: Element <a href="https://www.cloudberrystore.services/index.php?route=product/category&amp;language=en-gb&amp;path=18" class="nav-link dropdown-toggle" data-bs-toggle="dropdown">...</a> is not clickable at point (258, 21). Other element would receive the click: <div id="modal-shipping" class="modal show" aria-modal="true" role="dialog" style="display: block;">...</div>
  (Session info: MicrosoftEdge=150.0.4078.105)
Build info: version: '4.44.0', revision: 'da2039b'
System info: os.name: 'Windows 11', os.arch: 'amd64', os.version: '10.0', java.version: '21.0.11'
Driver info: org.openqa.selenium.remote.RemoteWebDriver
Command: [22fe38ffc33baab6f1babf526ced1b82, clickElement {id=f.0E2E90642968993C7F80E65D13A6B9FB.d.23A046FDCC1BA3457A14283AD4FADBDB.e.310}]
Capabilities {acceptInsecureCerts: false, browserName: MicrosoftEdge, browserVersion: 150.0.4078.105, fedcm:accounts: true, goog:processID: 17720, ms:edgeOptions: {debuggerAddress: localhost:60714}, msedge: {msedgedriverVersion: 150.0.4078.105 (a88426f15a5..., userDataDir: C:\Users\Affan\AppData\Loca...}, networkConnectionEnabled: false, pageLoadStrategy: normal, platformName: Windows 11, proxy: Proxy(), se:bidiEnabled: false, se:cdp: ws://192.168.2.34:4444/sess..., se:cdpVersion: 150.0.4078.105, setWindowRect: true, strictFileInteractability: false, timeouts: {implicit: 0, pageLoad: 300000, script: 30000}, unhandledPromptBehavior: dismiss and notify, webauthn:extension:credBlob: true, webauthn:extension:largeBlob: true, webauthn:extension:minPinLength: true, webauthn:extension:prf: true, webauthn:virtualAuthenticators: true}
Element: [[RemoteWebDriver: MicrosoftEdge on Windows 11 (22fe38ffc33baab6f1babf526ced1b82)] -> xpath: //a[normalize-space()='Laptops & Notebooks']]
Session ID: 22fe38ffc33baab6f1babf526ced1b82
at org.openqa.selenium.remote.ErrorCodec.decode(ErrorCodec.java:169)
at org.openqa.selenium.remote.codec.w3c.W3CHttpResponseCodec.decode(W3CHttpResponseCodec.java:143)
at org.openqa.selenium.remote.codec.w3c.W3CHttpResponseCodec.decode(W3CHttpResponseCodec.java:50)
at org.openqa.selenium.remote.HttpCommandExecutor.execute(HttpCommandExecutor.java:224)
at org.openqa.selenium.remote.TracedCommandExecutor.execute(TracedCommandExecutor.java:53)
at org.openqa.selenium.remote.RemoteWebDriver.execute(RemoteWebDriver.java:600)
at org.openqa.selenium.remote.RemoteWebElement.execute(RemoteWebElement.java:225)
at org.openqa.selenium.remote.RemoteWebElement.click(RemoteWebElement.java:79)
at java.base/jdk.internal.reflect.DirectMethodHandleAccessor.invoke(DirectMethodHandleAccessor.java:103)
at java.base/java.lang.reflect.Method.invoke(Method.java:580)
at org.openqa.selenium.support.pagefactory.internal.LocatingElementHandler.invoke(LocatingElementHandler.java:51)
at jdk.proxy2/jdk.proxy2.$Proxy31.click(Unknown Source)
at pageObjects.CategoryPage.clickLaptopsAndNotebooks(CategoryPage.java:34)
at testCases.TC04_CompletePurchase.testCompletePurchase(TC04_CompletePurchase.java:27)
... 20 more
]]>
            </full-stacktrace>
          </exception> <!-- java.lang.AssertionError -->
          <reporter-output>
          </reporter-output>
        </test-method> <!-- testCompletePurchase -->
        <test-method signature="testCompletePurchase()[pri:0, instance:testCases.TC04_CompletePurchase@62727399]" started-at="2026-07-29T20:21:46 EDT" name="testCompletePurchase" finished-at="2026-07-29T20:21:48 EDT" duration-ms="1665" status="FAIL">
          <exception class="java.lang.AssertionError">
            <message>
              <![CDATA[Test failed due to unexpected exception.]]>
            </message>
            <full-stacktrace>
              <![CDATA[java.lang.AssertionError: Test failed due to unexpected exception.
at org.testng.Assert.fail(Assert.java:99)
at testCases.TC04_CompletePurchase.testCompletePurchase(TC04_CompletePurchase.java:102)
at java.base/jdk.internal.reflect.DirectMethodHandleAccessor.invoke(DirectMethodHandleAccessor.java:103)
at java.base/java.lang.reflect.Method.invoke(Method.java:580)
at org.testng.internal.invokers.MethodInvocationHelper.invokeMethod(MethodInvocationHelper.java:141)
at org.testng.internal.invokers.TestInvoker.invokeMethod(TestInvoker.java:697)
at org.testng.internal.invokers.TestInvoker.retryFailed(TestInvoker.java:280)
at org.testng.internal.invokers.MethodRunner.runInSequence(MethodRunner.java:76)
at org.testng.internal.invokers.TestInvoker$MethodInvocationAgent.invoke(TestInvoker.java:1005)
at org.testng.internal.invokers.TestInvoker.invokeTestMethods(TestInvoker.java:203)
at org.testng.internal.invokers.TestMethodWorker.invokeTestMethods(TestMethodWorker.java:154)
at org.testng.internal.invokers.TestMethodWorker.run(TestMethodWorker.java:134)
at java.base/java.util.ArrayList.forEach(ArrayList.java:1596)
at org.testng.TestRunner.privateRun(TestRunner.java:744)
at org.testng.TestRunner.run(TestRunner.java:616)
at org.testng.SuiteRunner.runTest(SuiteRunner.java:421)
at org.testng.SuiteRunner$SuiteWorker.run(SuiteRunner.java:463)
at org.testng.internal.thread.ThreadUtil.lambda$execute$0(ThreadUtil.java:64)
at java.base/java.util.concurrent.FutureTask.run(FutureTask.java:317)
at java.base/java.util.concurrent.ThreadPoolExecutor.runWorker(ThreadPoolExecutor.java:1144)
at java.base/java.util.concurrent.ThreadPoolExecutor$Worker.run(ThreadPoolExecutor.java:642)
at java.base/java.lang.Thread.run(Thread.java:1583)
Caused by: org.openqa.selenium.ElementClickInterceptedException: element click intercepted: Element <a href="https://www.cloudberrystore.services/index.php?route=product/category&amp;language=en-gb&amp;path=18" class="nav-link dropdown-toggle" data-bs-toggle="dropdown">...</a> is not clickable at point (258, 21). Other element would receive the click: <div id="modal-shipping" class="modal show" aria-modal="true" role="dialog" style="display: block;">...</div>
  (Session info: MicrosoftEdge=150.0.4078.105)
Build info: version: '4.44.0', revision: 'da2039b'
System info: os.name: 'Windows 11', os.arch: 'amd64', os.version: '10.0', java.version: '21.0.11'
Driver info: org.openqa.selenium.remote.RemoteWebDriver
Command: [22fe38ffc33baab6f1babf526ced1b82, clickElement {id=f.0E2E90642968993C7F80E65D13A6B9FB.d.23A046FDCC1BA3457A14283AD4FADBDB.e.310}]
Capabilities {acceptInsecureCerts: false, browserName: MicrosoftEdge, browserVersion: 150.0.4078.105, fedcm:accounts: true, goog:processID: 17720, ms:edgeOptions: {debuggerAddress: localhost:60714}, msedge: {msedgedriverVersion: 150.0.4078.105 (a88426f15a5..., userDataDir: C:\Users\Affan\AppData\Loca...}, networkConnectionEnabled: false, pageLoadStrategy: normal, platformName: Windows 11, proxy: Proxy(), se:bidiEnabled: false, se:cdp: ws://192.168.2.34:4444/sess..., se:cdpVersion: 150.0.4078.105, setWindowRect: true, strictFileInteractability: false, timeouts: {implicit: 0, pageLoad: 300000, script: 30000}, unhandledPromptBehavior: dismiss and notify, webauthn:extension:credBlob: true, webauthn:extension:largeBlob: true, webauthn:extension:minPinLength: true, webauthn:extension:prf: true, webauthn:virtualAuthenticators: true}
Element: [[RemoteWebDriver: MicrosoftEdge on Windows 11 (22fe38ffc33baab6f1babf526ced1b82)] -> xpath: //a[normalize-space()='Laptops & Notebooks']]
Session ID: 22fe38ffc33baab6f1babf526ced1b82
at org.openqa.selenium.remote.ErrorCodec.decode(ErrorCodec.java:169)
at org.openqa.selenium.remote.codec.w3c.W3CHttpResponseCodec.decode(W3CHttpResponseCodec.java:143)
at org.openqa.selenium.remote.codec.w3c.W3CHttpResponseCodec.decode(W3CHttpResponseCodec.java:50)
at org.openqa.selenium.remote.HttpCommandExecutor.execute(HttpCommandExecutor.java:224)
at org.openqa.selenium.remote.TracedCommandExecutor.execute(TracedCommandExecutor.java:53)
at org.openqa.selenium.remote.RemoteWebDriver.execute(RemoteWebDriver.java:600)
at org.openqa.selenium.remote.RemoteWebElement.execute(RemoteWebElement.java:225)
at org.openqa.selenium.remote.RemoteWebElement.click(RemoteWebElement.java:79)
at java.base/jdk.internal.reflect.DirectMethodHandleAccessor.invoke(DirectMethodHandleAccessor.java:103)
at java.base/java.lang.reflect.Method.invoke(Method.java:580)
at org.openqa.selenium.support.pagefactory.internal.LocatingElementHandler.invoke(LocatingElementHandler.java:51)
at jdk.proxy2/jdk.proxy2.$Proxy31.click(Unknown Source)
at pageObjects.CategoryPage.clickLaptopsAndNotebooks(CategoryPage.java:34)
at testCases.TC04_CompletePurchase.testCompletePurchase(TC04_CompletePurchase.java:27)
... 20 more
]]>
            </full-stacktrace>
          </exception> <!-- java.lang.AssertionError -->
          <reporter-output>
          </reporter-output>
        </test-method> <!-- testCompletePurchase -->
        <test-method is-config="true" signature="closeApp()[pri:0, instance:testCases.TC04_CompletePurchase@62727399]" started-at="2026-07-29T20:21:48 EDT" name="closeApp" finished-at="2026-07-29T20:21:48 EDT" duration-ms="474" status="PASS">
          <reporter-output>
          </reporter-output>
        </test-method> <!-- closeApp -->
      </class> <!-- testCases.TC04_CompletePurchase -->
    </test> <!-- edgeTest -->
    <test started-at="2026-07-29T20:20:57 EDT" name="firefoxTest" finished-at="2026-07-29T20:22:07 EDT" duration-ms="69942">
      <class name="testCases.TC02_Login">
        <test-method is-config="true" signature="openApp(java.lang.String,java.lang.String)[pri:0, instance:testCases.TC02_Login@15dcfae7]" started-at="2026-07-29T20:21:30 EDT" name="openApp" finished-at="2026-07-29T20:21:39 EDT" duration-ms="8350" status="PASS">
          <params>
            <param index="0">
              <value>
                <![CDATA[windows]]>
              </value>
            </param>
            <param index="1">
              <value>
                <![CDATA[firefox]]>
              </value>
            </param>
          </params>
          <reporter-output>
          </reporter-output>
        </test-method> <!-- openApp -->
        <test-method signature="testLogin(java.lang.String,java.lang.String)[pri:0, instance:testCases.TC02_Login@15dcfae7]" started-at="2026-07-29T20:21:39 EDT" name="testLogin" data-provider="LoginData" finished-at="2026-07-29T20:21:41 EDT" duration-ms="2419" status="PASS">
          <params>
            <param index="0">
              <value>
                <![CDATA[smitasharma.qa@gmail.com]]>
              </value>
            </param>
            <param index="1">
              <value>
                <![CDATA[ss*QA123]]>
              </value>
            </param>
          </params>
          <reporter-output>
          </reporter-output>
        </test-method> <!-- testLogin -->
        <test-method signature="testLogin(java.lang.String,java.lang.String)[pri:0, instance:testCases.TC02_Login@15dcfae7]" started-at="2026-07-29T20:21:41 EDT" name="testLogin" data-provider="LoginData" finished-at="2026-07-29T20:21:43 EDT" duration-ms="1457" status="PASS">
          <params>
            <param index="0">
              <value>
                <![CDATA[nona@yahoo.com]]>
              </value>
            </param>
            <param index="1">
              <value>
                <![CDATA[QWER!@#$]]>
              </value>
            </param>
          </params>
          <reporter-output>
          </reporter-output>
        </test-method> <!-- testLogin -->
        <test-method signature="testLogin(java.lang.String,java.lang.String)[pri:0, instance:testCases.TC02_Login@15dcfae7]" started-at="2026-07-29T20:21:43 EDT" name="testLogin" data-provider="LoginData" finished-at="2026-07-29T20:21:44 EDT" duration-ms="1302" status="PASS">
          <params>
            <param index="0">
              <value>
                <![CDATA[sid@cloudberry.services]]>
              </value>
            </param>
            <param index="1">
              <value>
                <![CDATA[Test123]]>
              </value>
            </param>
          </params>
          <reporter-output>
          </reporter-output>
        </test-method> <!-- testLogin -->
        <test-method signature="testLogin(java.lang.String,java.lang.String)[pri:0, instance:testCases.TC02_Login@15dcfae7]" started-at="2026-07-29T20:21:44 EDT" name="testLogin" data-provider="LoginData" finished-at="2026-07-29T20:21:45 EDT" duration-ms="1562" status="PASS">
          <params>
            <param index="0">
              <value>
                <![CDATA[apushedwoman@gmail.com]]>
              </value>
            </param>
            <param index="1">
              <value>
                <![CDATA[password123]]>
              </value>
            </param>
          </params>
          <reporter-output>
          </reporter-output>
        </test-method> <!-- testLogin -->
        <test-method signature="testLogin(java.lang.String,java.lang.String)[pri:0, instance:testCases.TC02_Login@15dcfae7]" started-at="2026-07-29T20:21:45 EDT" name="testLogin" data-provider="LoginData" finished-at="2026-07-29T20:21:47 EDT" duration-ms="1798" status="PASS">
          <params>
            <param index="0">
              <value>
                <![CDATA[hichamkhachiai@gmail.com]]>
              </value>
            </param>
            <param index="1">
              <value>
                <![CDATA[hicham123]]>
              </value>
            </param>
          </params>
          <reporter-output>
          </reporter-output>
        </test-method> <!-- testLogin -->
        <test-method is-config="true" signature="closeApp()[pri:0, instance:testCases.TC02_Login@15dcfae7]" started-at="2026-07-29T20:21:47 EDT" name="closeApp" finished-at="2026-07-29T20:21:48 EDT" duration-ms="938" status="PASS">
          <reporter-output>
          </reporter-output>
        </test-method> <!-- closeApp -->
      </class> <!-- testCases.TC02_Login -->
      <class name="testCases.TC05_AddToWishList">
        <test-method is-config="true" signature="openApp(java.lang.String,java.lang.String)[pri:0, instance:testCases.TC05_AddToWishList@737a135b]" started-at="2026-07-29T20:21:12 EDT" name="openApp" finished-at="2026-07-29T20:21:16 EDT" duration-ms="4421" status="PASS">
          <params>
            <param index="0">
              <value>
                <![CDATA[windows]]>
              </value>
            </param>
            <param index="1">
              <value>
                <![CDATA[firefox]]>
              </value>
            </param>
          </params>
          <reporter-output>
          </reporter-output>
        </test-method> <!-- openApp -->
        <test-method signature="testAddToWishList()[pri:0, instance:testCases.TC05_AddToWishList@737a135b]" started-at="2026-07-29T20:21:16 EDT" name="testAddToWishList" finished-at="2026-07-29T20:21:19 EDT" duration-ms="3215" status="PASS">
          <reporter-output>
          </reporter-output>
        </test-method> <!-- testAddToWishList -->
        <test-method is-config="true" signature="closeApp()[pri:0, instance:testCases.TC05_AddToWishList@737a135b]" started-at="2026-07-29T20:21:19 EDT" name="closeApp" finished-at="2026-07-29T20:21:20 EDT" duration-ms="782" status="PASS">
          <reporter-output>
          </reporter-output>
        </test-method> <!-- closeApp -->
      </class> <!-- testCases.TC05_AddToWishList -->
      <class name="testCases.TC01_LaunchApplication">
        <test-method is-config="true" signature="openApp(java.lang.String,java.lang.String)[pri:0, instance:testCases.TC01_LaunchApplication@130dca52]" started-at="2026-07-29T20:20:57 EDT" name="openApp" finished-at="2026-07-29T20:21:02 EDT" duration-ms="5491" status="PASS">
          <params>
            <param index="0">
              <value>
                <![CDATA[windows]]>
              </value>
            </param>
            <param index="1">
              <value>
                <![CDATA[firefox]]>
              </value>
            </param>
          </params>
          <reporter-output>
          </reporter-output>
        </test-method> <!-- openApp -->
        <test-method signature="testLaunchApp()[pri:0, instance:testCases.TC01_LaunchApplication@130dca52]" started-at="2026-07-29T20:21:02 EDT" name="testLaunchApp" finished-at="2026-07-29T20:21:02 EDT" duration-ms="12" status="PASS">
          <reporter-output>
          </reporter-output>
        </test-method> <!-- testLaunchApp -->
        <test-method is-config="true" signature="closeApp()[pri:0, instance:testCases.TC01_LaunchApplication@130dca52]" started-at="2026-07-29T20:21:02 EDT" name="closeApp" finished-at="2026-07-29T20:21:03 EDT" duration-ms="1079" status="PASS">
          <reporter-output>
          </reporter-output>
        </test-method> <!-- closeApp -->
      </class> <!-- testCases.TC01_LaunchApplication -->
      <class name="testCases.TC03_AddToCart">
        <test-method is-config="true" signature="openApp(java.lang.String,java.lang.String)[pri:0, instance:testCases.TC03_AddToCart@2654635]" started-at="2026-07-29T20:21:03 EDT" name="openApp" finished-at="2026-07-29T20:21:07 EDT" duration-ms="3199" status="PASS">
          <params>
            <param index="0">
              <value>
                <![CDATA[windows]]>
              </value>
            </param>
            <param index="1">
              <value>
                <![CDATA[firefox]]>
              </value>
            </param>
          </params>
          <reporter-output>
          </reporter-output>
        </test-method> <!-- openApp -->
        <test-method signature="testAddToCart()[pri:0, instance:testCases.TC03_AddToCart@2654635]" started-at="2026-07-29T20:21:07 EDT" name="testAddToCart" finished-at="2026-07-29T20:21:11 EDT" duration-ms="4125" status="PASS">
          <reporter-output>
          </reporter-output>
        </test-method> <!-- testAddToCart -->
        <test-method is-config="true" signature="closeApp()[pri:0, instance:testCases.TC03_AddToCart@2654635]" started-at="2026-07-29T20:21:11 EDT" name="closeApp" finished-at="2026-07-29T20:21:12 EDT" duration-ms="1138" status="PASS">
          <reporter-output>
          </reporter-output>
        </test-method> <!-- closeApp -->
      </class> <!-- testCases.TC03_AddToCart -->
      <class name="testCases.TC06_AddAffiliate">
        <test-method is-config="true" signature="openApp(java.lang.String,java.lang.String)[pri:0, instance:testCases.TC06_AddAffiliate@687ef2e0]" started-at="2026-07-29T20:21:20 EDT" name="openApp" finished-at="2026-07-29T20:21:25 EDT" duration-ms="5007" status="PASS">
          <params>
            <param index="0">
              <value>
                <![CDATA[windows]]>
              </value>
            </param>
            <param index="1">
              <value>
                <![CDATA[firefox]]>
              </value>
            </param>
          </params>
          <reporter-output>
          </reporter-output>
        </test-method> <!-- openApp -->
        <test-method signature="testAddAffiliate()[pri:0, instance:testCases.TC06_AddAffiliate@687ef2e0]" started-at="2026-07-29T20:21:25 EDT" name="testAddAffiliate" finished-at="2026-07-29T20:21:29 EDT" duration-ms="4152" status="PASS">
          <reporter-output>
          </reporter-output>
        </test-method> <!-- testAddAffiliate -->
        <test-method is-config="true" signature="closeApp()[pri:0, instance:testCases.TC06_AddAffiliate@687ef2e0]" started-at="2026-07-29T20:21:29 EDT" name="closeApp" finished-at="2026-07-29T20:21:30 EDT" duration-ms="752" status="PASS">
          <reporter-output>
          </reporter-output>
        </test-method> <!-- closeApp -->
      </class> <!-- testCases.TC06_AddAffiliate -->
      <class name="testCases.TC04_CompletePurchase">
        <test-method is-config="true" signature="openApp(java.lang.String,java.lang.String)[pri:0, instance:testCases.TC04_CompletePurchase@3da05287]" started-at="2026-07-29T20:21:48 EDT" name="openApp" finished-at="2026-07-29T20:21:53 EDT" duration-ms="5153" status="PASS">
          <params>
            <param index="0">
              <value>
                <![CDATA[windows]]>
              </value>
            </param>
            <param index="1">
              <value>
                <![CDATA[firefox]]>
              </value>
            </param>
          </params>
          <reporter-output>
          </reporter-output>
        </test-method> <!-- openApp -->
        <test-method retried="true" signature="testCompletePurchase()[pri:0, instance:testCases.TC04_CompletePurchase@3da05287]" started-at="2026-07-29T20:21:53 EDT" name="testCompletePurchase" finished-at="2026-07-29T20:22:00 EDT" duration-ms="6979" status="SKIP">
          <exception class="java.lang.AssertionError">
            <message>
              <![CDATA[Test failed due to unexpected exception.]]>
            </message>
            <full-stacktrace>
              <![CDATA[java.lang.AssertionError: Test failed due to unexpected exception.
at org.testng.Assert.fail(Assert.java:99)
at testCases.TC04_CompletePurchase.testCompletePurchase(TC04_CompletePurchase.java:102)
at java.base/jdk.internal.reflect.DirectMethodHandleAccessor.invoke(DirectMethodHandleAccessor.java:103)
at java.base/java.lang.reflect.Method.invoke(Method.java:580)
at org.testng.internal.invokers.MethodInvocationHelper.invokeMethod(MethodInvocationHelper.java:141)
at org.testng.internal.invokers.TestInvoker.invokeMethod(TestInvoker.java:697)
at org.testng.internal.invokers.TestInvoker.invokeTestMethod(TestInvoker.java:230)
at org.testng.internal.invokers.MethodRunner.runInSequence(MethodRunner.java:63)
at org.testng.internal.invokers.TestInvoker$MethodInvocationAgent.invoke(TestInvoker.java:1005)
at org.testng.internal.invokers.TestInvoker.invokeTestMethods(TestInvoker.java:203)
at org.testng.internal.invokers.TestMethodWorker.invokeTestMethods(TestMethodWorker.java:154)
at org.testng.internal.invokers.TestMethodWorker.run(TestMethodWorker.java:134)
at java.base/java.util.ArrayList.forEach(ArrayList.java:1596)
at org.testng.TestRunner.privateRun(TestRunner.java:744)
at org.testng.TestRunner.run(TestRunner.java:616)
at org.testng.SuiteRunner.runTest(SuiteRunner.java:421)
at org.testng.SuiteRunner$SuiteWorker.run(SuiteRunner.java:463)
at org.testng.internal.thread.ThreadUtil.lambda$execute$0(ThreadUtil.java:64)
at java.base/java.util.concurrent.FutureTask.run(FutureTask.java:317)
at java.base/java.util.concurrent.ThreadPoolExecutor.runWorker(ThreadPoolExecutor.java:1144)
at java.base/java.util.concurrent.ThreadPoolExecutor$Worker.run(ThreadPoolExecutor.java:642)
at java.base/java.lang.Thread.run(Thread.java:1583)
Caused by: org.openqa.selenium.ElementClickInterceptedException: Element <button id="button-payment-methods" class="btn btn-primary" type="button"> is not clickable at point (1163,536) because another element <div id="modal-shipping" class="modal show"> obscures it
Build info: version: '4.44.0', revision: 'da2039b'
System info: os.name: 'Windows 11', os.arch: 'amd64', os.version: '10.0', java.version: '21.0.11'
Driver info: org.openqa.selenium.remote.RemoteWebDriver
Command: [66d06873-1977-418c-95af-5ceb0cab925b, clickElement {id=a558bd85-2d64-4b0a-b122-ee21c7b62cbd}]
Capabilities {acceptInsecureCerts: true, browserName: firefox, browserVersion: 153.0.1, moz:accessibilityChecks: false, moz:buildID: 20260727124451, moz:firefoxOptions: {binary: C:\Program Files\Mozilla Fi..., prefs: {remote.active-protocols: 1}}, moz:geckodriverVersion: 0.37.1, moz:headless: false, moz:platformVersion: 10.0, moz:processID: 22212, moz:profile: C:\Users\Affan\AppData\Loca..., moz:shutdownTimeout: 60000, moz:webdriverClick: true, moz:windowless: false, pageLoadStrategy: normal, platformName: Windows 11, proxy: Proxy(), se:bidiEnabled: false, se:cdpEnabled: false, setWindowRect: true, strictFileInteractability: false, timeouts: {implicit: 0, pageLoad: 300000, script: 30000}, unhandledPromptBehavior: dismiss and notify, userAgent: Mozilla/5.0 (Windows NT 10....}
Element: [[RemoteWebDriver: firefox on Windows 11 (66d06873-1977-418c-95af-5ceb0cab925b)] -> id: button-payment-methods]
Session ID: 66d06873-1977-418c-95af-5ceb0cab925b
at org.openqa.selenium.remote.ErrorCodec.decode(ErrorCodec.java:169)
at org.openqa.selenium.remote.codec.w3c.W3CHttpResponseCodec.decode(W3CHttpResponseCodec.java:143)
at org.openqa.selenium.remote.codec.w3c.W3CHttpResponseCodec.decode(W3CHttpResponseCodec.java:50)
at org.openqa.selenium.remote.HttpCommandExecutor.execute(HttpCommandExecutor.java:224)
at org.openqa.selenium.remote.TracedCommandExecutor.execute(TracedCommandExecutor.java:53)
at org.openqa.selenium.remote.RemoteWebDriver.execute(RemoteWebDriver.java:600)
at org.openqa.selenium.remote.RemoteWebElement.execute(RemoteWebElement.java:225)
at org.openqa.selenium.remote.RemoteWebElement.click(RemoteWebElement.java:79)
at java.base/jdk.internal.reflect.DirectMethodHandleAccessor.invoke(DirectMethodHandleAccessor.java:103)
at java.base/java.lang.reflect.Method.invoke(Method.java:580)
at org.openqa.selenium.support.pagefactory.internal.LocatingElementHandler.invoke(LocatingElementHandler.java:51)
at jdk.proxy2/jdk.proxy2.$Proxy31.click(Unknown Source)
at pageObjects.CheckoutPage.completeCheckout(CheckoutPage.java:45)
at testCases.TC04_CompletePurchase.testCompletePurchase(TC04_CompletePurchase.java:70)
... 20 more
]]>
            </full-stacktrace>
          </exception> <!-- java.lang.AssertionError -->
          <reporter-output>
          </reporter-output>
        </test-method> <!-- testCompletePurchase -->
        <test-method retried="true" signature="testCompletePurchase()[pri:0, instance:testCases.TC04_CompletePurchase@3da05287]" started-at="2026-07-29T20:22:00 EDT" name="testCompletePurchase" finished-at="2026-07-29T20:22:03 EDT" duration-ms="2499" status="SKIP">
          <exception class="java.lang.AssertionError">
            <message>
              <![CDATA[Test failed due to unexpected exception.]]>
            </message>
            <full-stacktrace>
              <![CDATA[java.lang.AssertionError: Test failed due to unexpected exception.
at org.testng.Assert.fail(Assert.java:99)
at testCases.TC04_CompletePurchase.testCompletePurchase(TC04_CompletePurchase.java:102)
at java.base/jdk.internal.reflect.DirectMethodHandleAccessor.invoke(DirectMethodHandleAccessor.java:103)
at java.base/java.lang.reflect.Method.invoke(Method.java:580)
at org.testng.internal.invokers.MethodInvocationHelper.invokeMethod(MethodInvocationHelper.java:141)
at org.testng.internal.invokers.TestInvoker.invokeMethod(TestInvoker.java:697)
at org.testng.internal.invokers.TestInvoker.retryFailed(TestInvoker.java:280)
at org.testng.internal.invokers.MethodRunner.runInSequence(MethodRunner.java:76)
at org.testng.internal.invokers.TestInvoker$MethodInvocationAgent.invoke(TestInvoker.java:1005)
at org.testng.internal.invokers.TestInvoker.invokeTestMethods(TestInvoker.java:203)
at org.testng.internal.invokers.TestMethodWorker.invokeTestMethods(TestMethodWorker.java:154)
at org.testng.internal.invokers.TestMethodWorker.run(TestMethodWorker.java:134)
at java.base/java.util.ArrayList.forEach(ArrayList.java:1596)
at org.testng.TestRunner.privateRun(TestRunner.java:744)
at org.testng.TestRunner.run(TestRunner.java:616)
at org.testng.SuiteRunner.runTest(SuiteRunner.java:421)
at org.testng.SuiteRunner$SuiteWorker.run(SuiteRunner.java:463)
at org.testng.internal.thread.ThreadUtil.lambda$execute$0(ThreadUtil.java:64)
at java.base/java.util.concurrent.FutureTask.run(FutureTask.java:317)
at java.base/java.util.concurrent.ThreadPoolExecutor.runWorker(ThreadPoolExecutor.java:1144)
at java.base/java.util.concurrent.ThreadPoolExecutor$Worker.run(ThreadPoolExecutor.java:642)
at java.base/java.lang.Thread.run(Thread.java:1583)
Caused by: org.openqa.selenium.ElementNotInteractableException: Element <a href="https://www.cloudberrystore.services/index.php?route=product/product&language=en-gb&product_id=47"> could not be scrolled into view
Build info: version: '4.44.0', revision: 'da2039b'
System info: os.name: 'Windows 11', os.arch: 'amd64', os.version: '10.0', java.version: '21.0.11'
Driver info: org.openqa.selenium.remote.RemoteWebDriver
Command: [66d06873-1977-418c-95af-5ceb0cab925b, clickElement {id=df658141-eafe-4f2c-8aa2-405437a454bc}]
Capabilities {acceptInsecureCerts: true, browserName: firefox, browserVersion: 153.0.1, moz:accessibilityChecks: false, moz:buildID: 20260727124451, moz:firefoxOptions: {binary: C:\Program Files\Mozilla Fi..., prefs: {remote.active-protocols: 1}}, moz:geckodriverVersion: 0.37.1, moz:headless: false, moz:platformVersion: 10.0, moz:processID: 22212, moz:profile: C:\Users\Affan\AppData\Loca..., moz:shutdownTimeout: 60000, moz:webdriverClick: true, moz:windowless: false, pageLoadStrategy: normal, platformName: Windows 11, proxy: Proxy(), se:bidiEnabled: false, se:cdpEnabled: false, setWindowRect: true, strictFileInteractability: false, timeouts: {implicit: 0, pageLoad: 300000, script: 30000}, unhandledPromptBehavior: dismiss and notify, userAgent: Mozilla/5.0 (Windows NT 10....}
Element: [[RemoteWebDriver: firefox on Windows 11 (66d06873-1977-418c-95af-5ceb0cab925b)] -> xpath: //a[normalize-space()='HP LP3065']]
Session ID: 66d06873-1977-418c-95af-5ceb0cab925b
at org.openqa.selenium.remote.ErrorCodec.decode(ErrorCodec.java:169)
at org.openqa.selenium.remote.codec.w3c.W3CHttpResponseCodec.decode(W3CHttpResponseCodec.java:143)
at org.openqa.selenium.remote.codec.w3c.W3CHttpResponseCodec.decode(W3CHttpResponseCodec.java:50)
at org.openqa.selenium.remote.HttpCommandExecutor.execute(HttpCommandExecutor.java:224)
at org.openqa.selenium.remote.TracedCommandExecutor.execute(TracedCommandExecutor.java:53)
at org.openqa.selenium.remote.RemoteWebDriver.execute(RemoteWebDriver.java:600)
at org.openqa.selenium.remote.RemoteWebElement.execute(RemoteWebElement.java:225)
at org.openqa.selenium.remote.RemoteWebElement.click(RemoteWebElement.java:79)
at java.base/jdk.internal.reflect.DirectMethodHandleAccessor.invoke(DirectMethodHandleAccessor.java:103)
at java.base/java.lang.reflect.Method.invoke(Method.java:580)
at org.openqa.selenium.support.pagefactory.internal.LocatingElementHandler.invoke(LocatingElementHandler.java:51)
at jdk.proxy2/jdk.proxy2.$Proxy31.click(Unknown Source)
at pageObjects.CategoryPage.selectHPProduct(CategoryPage.java:51)
at testCases.TC04_CompletePurchase.testCompletePurchase(TC04_CompletePurchase.java:37)
... 20 more
]]>
            </full-stacktrace>
          </exception> <!-- java.lang.AssertionError -->
          <reporter-output>
          </reporter-output>
        </test-method> <!-- testCompletePurchase -->
        <test-method signature="testCompletePurchase()[pri:0, instance:testCases.TC04_CompletePurchase@3da05287]" started-at="2026-07-29T20:22:03 EDT" name="testCompletePurchase" finished-at="2026-07-29T20:22:05 EDT" duration-ms="2455" status="FAIL">
          <exception class="java.lang.AssertionError">
            <message>
              <![CDATA[Test failed due to unexpected exception.]]>
            </message>
            <full-stacktrace>
              <![CDATA[java.lang.AssertionError: Test failed due to unexpected exception.
at org.testng.Assert.fail(Assert.java:99)
at testCases.TC04_CompletePurchase.testCompletePurchase(TC04_CompletePurchase.java:102)
at java.base/jdk.internal.reflect.DirectMethodHandleAccessor.invoke(DirectMethodHandleAccessor.java:103)
at java.base/java.lang.reflect.Method.invoke(Method.java:580)
at org.testng.internal.invokers.MethodInvocationHelper.invokeMethod(MethodInvocationHelper.java:141)
at org.testng.internal.invokers.TestInvoker.invokeMethod(TestInvoker.java:697)
at org.testng.internal.invokers.TestInvoker.retryFailed(TestInvoker.java:280)
at org.testng.internal.invokers.MethodRunner.runInSequence(MethodRunner.java:76)
at org.testng.internal.invokers.TestInvoker$MethodInvocationAgent.invoke(TestInvoker.java:1005)
at org.testng.internal.invokers.TestInvoker.invokeTestMethods(TestInvoker.java:203)
at org.testng.internal.invokers.TestMethodWorker.invokeTestMethods(TestMethodWorker.java:154)
at org.testng.internal.invokers.TestMethodWorker.run(TestMethodWorker.java:134)
at java.base/java.util.ArrayList.forEach(ArrayList.java:1596)
at org.testng.TestRunner.privateRun(TestRunner.java:744)
at org.testng.TestRunner.run(TestRunner.java:616)
at org.testng.SuiteRunner.runTest(SuiteRunner.java:421)
at org.testng.SuiteRunner$SuiteWorker.run(SuiteRunner.java:463)
at org.testng.internal.thread.ThreadUtil.lambda$execute$0(ThreadUtil.java:64)
at java.base/java.util.concurrent.FutureTask.run(FutureTask.java:317)
at java.base/java.util.concurrent.ThreadPoolExecutor.runWorker(ThreadPoolExecutor.java:1144)
at java.base/java.util.concurrent.ThreadPoolExecutor$Worker.run(ThreadPoolExecutor.java:642)
at java.base/java.lang.Thread.run(Thread.java:1583)
Caused by: org.openqa.selenium.ElementNotInteractableException: Element <a href="https://www.cloudberrystore.services/index.php?route=product/product&language=en-gb&product_id=47"> could not be scrolled into view
Build info: version: '4.44.0', revision: 'da2039b'
System info: os.name: 'Windows 11', os.arch: 'amd64', os.version: '10.0', java.version: '21.0.11'
Driver info: org.openqa.selenium.remote.RemoteWebDriver
Command: [66d06873-1977-418c-95af-5ceb0cab925b, clickElement {id=29236064-b85e-478a-bf04-97510cea5e11}]
Capabilities {acceptInsecureCerts: true, browserName: firefox, browserVersion: 153.0.1, moz:accessibilityChecks: false, moz:buildID: 20260727124451, moz:firefoxOptions: {binary: C:\Program Files\Mozilla Fi..., prefs: {remote.active-protocols: 1}}, moz:geckodriverVersion: 0.37.1, moz:headless: false, moz:platformVersion: 10.0, moz:processID: 22212, moz:profile: C:\Users\Affan\AppData\Loca..., moz:shutdownTimeout: 60000, moz:webdriverClick: true, moz:windowless: false, pageLoadStrategy: normal, platformName: Windows 11, proxy: Proxy(), se:bidiEnabled: false, se:cdpEnabled: false, setWindowRect: true, strictFileInteractability: false, timeouts: {implicit: 0, pageLoad: 300000, script: 30000}, unhandledPromptBehavior: dismiss and notify, userAgent: Mozilla/5.0 (Windows NT 10....}
Element: [[RemoteWebDriver: firefox on Windows 11 (66d06873-1977-418c-95af-5ceb0cab925b)] -> xpath: //a[normalize-space()='HP LP3065']]
Session ID: 66d06873-1977-418c-95af-5ceb0cab925b
at org.openqa.selenium.remote.ErrorCodec.decode(ErrorCodec.java:169)
at org.openqa.selenium.remote.codec.w3c.W3CHttpResponseCodec.decode(W3CHttpResponseCodec.java:143)
at org.openqa.selenium.remote.codec.w3c.W3CHttpResponseCodec.decode(W3CHttpResponseCodec.java:50)
at org.openqa.selenium.remote.HttpCommandExecutor.execute(HttpCommandExecutor.java:224)
at org.openqa.selenium.remote.TracedCommandExecutor.execute(TracedCommandExecutor.java:53)
at org.openqa.selenium.remote.RemoteWebDriver.execute(RemoteWebDriver.java:600)
at org.openqa.selenium.remote.RemoteWebElement.execute(RemoteWebElement.java:225)
at org.openqa.selenium.remote.RemoteWebElement.click(RemoteWebElement.java:79)
at java.base/jdk.internal.reflect.DirectMethodHandleAccessor.invoke(DirectMethodHandleAccessor.java:103)
at java.base/java.lang.reflect.Method.invoke(Method.java:580)
at org.openqa.selenium.support.pagefactory.internal.LocatingElementHandler.invoke(LocatingElementHandler.java:51)
at jdk.proxy2/jdk.proxy2.$Proxy31.click(Unknown Source)
at pageObjects.CategoryPage.selectHPProduct(CategoryPage.java:51)
at testCases.TC04_CompletePurchase.testCompletePurchase(TC04_CompletePurchase.java:37)
... 20 more
]]>
            </full-stacktrace>
          </exception> <!-- java.lang.AssertionError -->
          <reporter-output>
          </reporter-output>
        </test-method> <!-- testCompletePurchase -->
        <test-method is-config="true" signature="closeApp()[pri:0, instance:testCases.TC04_CompletePurchase@3da05287]" started-at="2026-07-29T20:22:05 EDT" name="closeApp" finished-at="2026-07-29T20:22:07 EDT" duration-ms="1142" status="PASS">
          <reporter-output>
          </reporter-output>
        </test-method> <!-- closeApp -->
      </class> <!-- testCases.TC04_CompletePurchase -->
    </test> <!-- firefoxTest -->
  </suite> <!-- Suite -->
</testng-results>
