<?xml version="1.0" encoding="UTF-8"?>
<!-- Generated by org.testng.reporters.JUnitReportReporter -->
<testsuite hostname="Affan-family" failures="0" tests="3" name="testCases.TC06_AddAffiliate" time="11.960" errors="0" timestamp="2026-07-29T20:22:07 EDT" skipped="0">
  <testcase classname="testCases.TC06_AddAffiliate" name="testAddAffiliate" time="4.152"/>
  <testcase classname="testCases.TC06_AddAffiliate" name="testAddAffiliate" time="3.614"/>
  <testcase classname="testCases.TC06_AddAffiliate" name="testAddAffiliate" time="4.194"/>
</testsuite> <!-- testCases.TC06_AddAffiliate -->
