<?xml version="1.0" encoding="UTF-8"?>
<!-- Generated by org.testng.reporters.JUnitReportReporter -->
<testsuite hostname="Affan-family" failures="0" tests="15" name="testCases.TC02_Login" time="26.314" errors="0" timestamp="2026-07-29T20:22:07 EDT" skipped="0">
  <testcase classname="testCases.TC02_Login" name="testLogin" time="1.651"/>
  <testcase classname="testCases.TC02_Login" name="testLogin" time="1.416"/>
  <testcase classname="testCases.TC02_Login" name="testLogin" time="1.798"/>
  <testcase classname="testCases.TC02_Login" name="testLogin" time="1.562"/>
  <testcase classname="testCases.TC02_Login" name="testLogin" time="1.958"/>
  <testcase classname="testCases.TC02_Login" name="testLogin" time="2.419"/>
  <testcase classname="testCases.TC02_Login" name="testLogin" time="1.604"/>
  <testcase classname="testCases.TC02_Login" name="testLogin" time="1.556"/>
  <testcase classname="testCases.TC02_Login" name="testLogin" time="1.457"/>
  <testcase classname="testCases.TC02_Login" name="testLogin" time="1.647"/>
  <testcase classname="testCases.TC02_Login" name="testLogin" time="1.574"/>
  <testcase classname="testCases.TC02_Login" name="testLogin" time="1.877"/>
  <testcase classname="testCases.TC02_Login" name="testLogin" time="2.795"/>
  <testcase classname="testCases.TC02_Login" name="testLogin" time="1.698"/>
  <testcase classname="testCases.TC02_Login" name="testLogin" time="1.302"/>
</testsuite> <!-- testCases.TC02_Login -->
