<?xml version="1.0" encoding="UTF-8"?>
<!-- Generated by org.testng.reporters.JUnitReportReporter -->
<testsuite hostname="Affan-family" failures="0" tests="3" name="testCases.TC01_LaunchApplication" time="0.098" errors="0" timestamp="2026-07-29T20:22:07 EDT" skipped="0">
  <testcase classname="testCases.TC01_LaunchApplication" name="testLaunchApp" time="0.072"/>
  <testcase classname="testCases.TC01_LaunchApplication" name="testLaunchApp" time="0.014"/>
  <testcase classname="testCases.TC01_LaunchApplication" name="testLaunchApp" time="0.012"/>
</testsuite> <!-- testCases.TC01_LaunchApplication -->
