<?xml version="1.0" encoding="UTF-8"?>
<!-- Generated by org.testng.reporters.JUnitReportReporter -->
<testsuite hostname="Affan-family" failures="0" tests="3" name="testCases.TC05_AddToWishList" time="11.380" errors="0" timestamp="2026-07-29T20:22:07 EDT" skipped="0">
  <testcase classname="testCases.TC05_AddToWishList" name="testAddToWishList" time="4.089"/>
  <testcase classname="testCases.TC05_AddToWishList" name="testAddToWishList" time="3.215"/>
  <testcase classname="testCases.TC05_AddToWishList" name="testAddToWishList" time="4.076"/>
</testsuite> <!-- testCases.TC05_AddToWishList -->
