<?xml version="1.0" encoding="UTF-8"?>
<!-- Generated by org.testng.reporters.JUnitReportReporter -->
<testsuite hostname="Affan-family" failures="0" tests="3" name="testCases.TC03_AddToCart" time="13.135" errors="0" timestamp="2026-07-29T20:22:07 EDT" skipped="0">
  <testcase classname="testCases.TC03_AddToCart" name="testAddToCart" time="4.125"/>
  <testcase classname="testCases.TC03_AddToCart" name="testAddToCart" time="4.662"/>
  <testcase classname="testCases.TC03_AddToCart" name="testAddToCart" time="4.348"/>
</testsuite> <!-- testCases.TC03_AddToCart -->
