<?xml version="1.0" encoding="UTF-8"?>
<!-- Generated by org.testng.reporters.JUnitReportReporter -->
<testsuite hostname="Affan-family" failures="2" tests="7" name="testCases.TC04_CompletePurchase" time="32.286" errors="0" timestamp="2026-07-29T20:22:07 EDT" skipped="4">
  <testcase classname="testCases.TC04_CompletePurchase" name="testCompletePurchase" time="2.499">
    <skipped/>
  </testcase> <!-- testCompletePurchase -->
  <testcase classname="testCases.TC04_CompletePurchase" name="testCompletePurchase" time="7.997">
    <skipped/>
  </testcase> <!-- testCompletePurchase -->
  <testcase classname="testCases.TC04_CompletePurchase" name="testCompletePurchase" time="1.677">
    <skipped/>
  </testcase> <!-- testCompletePurchase -->
  <testcase classname="testCases.TC04_CompletePurchase" name="testCompletePurchase" time="2.455">
    <failure message="Test failed due to unexpected exception." type="java.lang.AssertionError">
      <![CDATA[java.lang.AssertionError: Test failed due to unexpected exception.
at org.testng.Assert.fail(Assert.java:99)
at testCases.TC04_CompletePurchase.testCompletePurchase(TC04_CompletePurchase.java:102)
at java.base/jdk.internal.reflect.DirectMethodHandleAccessor.invoke(DirectMethodHandleAccessor.java:103)
at java.base/java.lang.reflect.Method.invoke(Method.java:580)
at org.testng.internal.invokers.MethodInvocationHelper.invokeMethod(MethodInvocationHelper.java:141)
at org.testng.internal.invokers.TestInvoker.invokeMethod(TestInvoker.java:697)
at org.testng.internal.invokers.TestInvoker.retryFailed(TestInvoker.java:280)
at org.testng.internal.invokers.MethodRunner.runInSequence(MethodRunner.java:76)
at org.testng.internal.invokers.TestInvoker$MethodInvocationAgent.invoke(TestInvoker.java:1005)
at org.testng.internal.invokers.TestInvoker.invokeTestMethods(TestInvoker.java:203)
at org.testng.internal.invokers.TestMethodWorker.invokeTestMethods(TestMethodWorker.java:154)
at org.testng.internal.invokers.TestMethodWorker.run(TestMethodWorker.java:134)
at java.base/java.util.ArrayList.forEach(ArrayList.java:1596)
at org.testng.TestRunner.privateRun(TestRunner.java:744)
at org.testng.TestRunner.run(TestRunner.java:616)
at org.testng.SuiteRunner.runTest(SuiteRunner.java:421)
at org.testng.SuiteRunner$SuiteWorker.run(SuiteRunner.java:463)
at org.testng.internal.thread.ThreadUtil.lambda$execute$0(ThreadUtil.java:64)
at java.base/java.util.concurrent.FutureTask.run(FutureTask.java:317)
at java.base/java.util.concurrent.ThreadPoolExecutor.runWorker(ThreadPoolExecutor.java:1144)
at java.base/java.util.concurrent.ThreadPoolExecutor$Worker.run(ThreadPoolExecutor.java:642)
at java.base/java.lang.Thread.run(Thread.java:1583)
Caused by: org.openqa.selenium.ElementNotInteractableException: Element <a href="https://www.cloudberrystore.services/index.php?route=product/product&language=en-gb&product_id=47"> could not be scrolled into view
Build info: version: '4.44.0', revision: 'da2039b'
System info: os.name: 'Windows 11', os.arch: 'amd64', os.version: '10.0', java.version: '21.0.11'
Driver info: org.openqa.selenium.remote.RemoteWebDriver
Command: [66d06873-1977-418c-95af-5ceb0cab925b, clickElement {id=29236064-b85e-478a-bf04-97510cea5e11}]
Capabilities {acceptInsecureCerts: true, browserName: firefox, browserVersion: 153.0.1, moz:accessibilityChecks: false, moz:buildID: 20260727124451, moz:firefoxOptions: {binary: C:\Program Files\Mozilla Fi..., prefs: {remote.active-protocols: 1}}, moz:geckodriverVersion: 0.37.1, moz:headless: false, moz:platformVersion: 10.0, moz:processID: 22212, moz:profile: C:\Users\Affan\AppData\Loca..., moz:shutdownTimeout: 60000, moz:webdriverClick: true, moz:windowless: false, pageLoadStrategy: normal, platformName: Windows 11, proxy: Proxy(), se:bidiEnabled: false, se:cdpEnabled: false, setWindowRect: true, strictFileInteractability: false, timeouts: {implicit: 0, pageLoad: 300000, script: 30000}, unhandledPromptBehavior: dismiss and notify, userAgent: Mozilla/5.0 (Windows NT 10....}
Element: [[RemoteWebDriver: firefox on Windows 11 (66d06873-1977-418c-95af-5ceb0cab925b)] -> xpath: //a[normalize-space()='HP LP3065']]
Session ID: 66d06873-1977-418c-95af-5ceb0cab925b
at org.openqa.selenium.remote.ErrorCodec.decode(ErrorCodec.java:169)
at org.openqa.selenium.remote.codec.w3c.W3CHttpResponseCodec.decode(W3CHttpResponseCodec.java:143)
at org.openqa.selenium.remote.codec.w3c.W3CHttpResponseCodec.decode(W3CHttpResponseCodec.java:50)
at org.openqa.selenium.remote.HttpCommandExecutor.execute(HttpCommandExecutor.java:224)
at org.openqa.selenium.remote.TracedCommandExecutor.execute(TracedCommandExecutor.java:53)
at org.openqa.selenium.remote.RemoteWebDriver.execute(RemoteWebDriver.java:600)
at org.openqa.selenium.remote.RemoteWebElement.execute(RemoteWebElement.java:225)
at org.openqa.selenium.remote.RemoteWebElement.click(RemoteWebElement.java:79)
at java.base/jdk.internal.reflect.DirectMethodHandleAccessor.invoke(DirectMethodHandleAccessor.java:103)
at java.base/java.lang.reflect.Method.invoke(Method.java:580)
at org.openqa.selenium.support.pagefactory.internal.LocatingElementHandler.invoke(LocatingElementHandler.java:51)
at jdk.proxy2/jdk.proxy2.$Proxy31.click(Unknown Source)
at pageObjects.CategoryPage.selectHPProduct(CategoryPage.java:51)
at testCases.TC04_CompletePurchase.testCompletePurchase(TC04_CompletePurchase.java:37)
... 20 more
]]>
    </failure>
  </testcase> <!-- testCompletePurchase -->
  <testcase classname="testCases.TC04_CompletePurchase" name="testCompletePurchase" time="6.979">
    <skipped/>
  </testcase> <!-- testCompletePurchase -->
  <testcase classname="testCases.TC04_CompletePurchase" name="testCompletePurchase" time="1.665">
    <failure message="Test failed due to unexpected exception." type="java.lang.AssertionError">
      <![CDATA[java.lang.AssertionError: Test failed due to unexpected exception.
at org.testng.Assert.fail(Assert.java:99)
at testCases.TC04_CompletePurchase.testCompletePurchase(TC04_CompletePurchase.java:102)
at java.base/jdk.internal.reflect.DirectMethodHandleAccessor.invoke(DirectMethodHandleAccessor.java:103)
at java.base/java.lang.reflect.Method.invoke(Method.java:580)
at org.testng.internal.invokers.MethodInvocationHelper.invokeMethod(MethodInvocationHelper.java:141)
at org.testng.internal.invokers.TestInvoker.invokeMethod(TestInvoker.java:697)
at org.testng.internal.invokers.TestInvoker.retryFailed(TestInvoker.java:280)
at org.testng.internal.invokers.MethodRunner.runInSequence(MethodRunner.java:76)
at org.testng.internal.invokers.TestInvoker$MethodInvocationAgent.invoke(TestInvoker.java:1005)
at org.testng.internal.invokers.TestInvoker.invokeTestMethods(TestInvoker.java:203)
at org.testng.internal.invokers.TestMethodWorker.invokeTestMethods(TestMethodWorker.java:154)
at org.testng.internal.invokers.TestMethodWorker.run(TestMethodWorker.java:134)
at java.base/java.util.ArrayList.forEach(ArrayList.java:1596)
at org.testng.TestRunner.privateRun(TestRunner.java:744)
at org.testng.TestRunner.run(TestRunner.java:616)
at org.testng.SuiteRunner.runTest(SuiteRunner.java:421)
at org.testng.SuiteRunner$SuiteWorker.run(SuiteRunner.java:463)
at org.testng.internal.thread.ThreadUtil.lambda$execute$0(ThreadUtil.java:64)
at java.base/java.util.concurrent.FutureTask.run(FutureTask.java:317)
at java.base/java.util.concurrent.ThreadPoolExecutor.runWorker(ThreadPoolExecutor.java:1144)
at java.base/java.util.concurrent.ThreadPoolExecutor$Worker.run(ThreadPoolExecutor.java:642)
at java.base/java.lang.Thread.run(Thread.java:1583)
Caused by: org.openqa.selenium.ElementClickInterceptedException: element click intercepted: Element <a href="https://www.cloudberrystore.services/index.php?route=product/category&amp;language=en-gb&amp;path=18" class="nav-link dropdown-toggle" data-bs-toggle="dropdown">...</a> is not clickable at point (258, 21). Other element would receive the click: <div id="modal-shipping" class="modal show" aria-modal="true" role="dialog" style="display: block;">...</div>
  (Session info: MicrosoftEdge=150.0.4078.105)
Build info: version: '4.44.0', revision: 'da2039b'
System info: os.name: 'Windows 11', os.arch: 'amd64', os.version: '10.0', java.version: '21.0.11'
Driver info: org.openqa.selenium.remote.RemoteWebDriver
Command: [22fe38ffc33baab6f1babf526ced1b82, clickElement {id=f.0E2E90642968993C7F80E65D13A6B9FB.d.23A046FDCC1BA3457A14283AD4FADBDB.e.310}]
Capabilities {acceptInsecureCerts: false, browserName: MicrosoftEdge, browserVersion: 150.0.4078.105, fedcm:accounts: true, goog:processID: 17720, ms:edgeOptions: {debuggerAddress: localhost:60714}, msedge: {msedgedriverVersion: 150.0.4078.105 (a88426f15a5..., userDataDir: C:\Users\Affan\AppData\Loca...}, networkConnectionEnabled: false, pageLoadStrategy: normal, platformName: Windows 11, proxy: Proxy(), se:bidiEnabled: false, se:cdp: ws://192.168.2.34:4444/sess..., se:cdpVersion: 150.0.4078.105, setWindowRect: true, strictFileInteractability: false, timeouts: {implicit: 0, pageLoad: 300000, script: 30000}, unhandledPromptBehavior: dismiss and notify, webauthn:extension:credBlob: true, webauthn:extension:largeBlob: true, webauthn:extension:minPinLength: true, webauthn:extension:prf: true, webauthn:virtualAuthenticators: true}
Element: [[RemoteWebDriver: MicrosoftEdge on Windows 11 (22fe38ffc33baab6f1babf526ced1b82)] -> xpath: //a[normalize-space()='Laptops & Notebooks']]
Session ID: 22fe38ffc33baab6f1babf526ced1b82
at org.openqa.selenium.remote.ErrorCodec.decode(ErrorCodec.java:169)
at org.openqa.selenium.remote.codec.w3c.W3CHttpResponseCodec.decode(W3CHttpResponseCodec.java:143)
at org.openqa.selenium.remote.codec.w3c.W3CHttpResponseCodec.decode(W3CHttpResponseCodec.java:50)
at org.openqa.selenium.remote.HttpCommandExecutor.execute(HttpCommandExecutor.java:224)
at org.openqa.selenium.remote.TracedCommandExecutor.execute(TracedCommandExecutor.java:53)
at org.openqa.selenium.remote.RemoteWebDriver.execute(RemoteWebDriver.java:600)
at org.openqa.selenium.remote.RemoteWebElement.execute(RemoteWebElement.java:225)
at org.openqa.selenium.remote.RemoteWebElement.click(RemoteWebElement.java:79)
at java.base/jdk.internal.reflect.DirectMethodHandleAccessor.invoke(DirectMethodHandleAccessor.java:103)
at java.base/java.lang.reflect.Method.invoke(Method.java:580)
at org.openqa.selenium.support.pagefactory.internal.LocatingElementHandler.invoke(LocatingElementHandler.java:51)
at jdk.proxy2/jdk.proxy2.$Proxy31.click(Unknown Source)
at pageObjects.CategoryPage.clickLaptopsAndNotebooks(CategoryPage.java:34)
at testCases.TC04_CompletePurchase.testCompletePurchase(TC04_CompletePurchase.java:27)
... 20 more
]]>
    </failure>
  </testcase> <!-- testCompletePurchase -->
  <testcase classname="testCases.TC04_CompletePurchase" name="testCompletePurchase" time="9.014"/>
</testsuite> <!-- testCases.TC04_CompletePurchase -->
