<?xml version="1.0" encoding="UTF-8"?>
<!-- Generated by org.testng.reporters.JUnitReportReporter -->
<testsuite hostname="Affan-family" failures="0" tests="15" name="testCases.TC02_Login" time="21.823" errors="0" timestamp="2026-08-01T00:02:27 EDT" skipped="0">
  <testcase classname="testCases.TC02_Login" name="testLogin" time="0.876"/>
  <testcase classname="testCases.TC02_Login" name="testLogin" time="2.216"/>
  <testcase classname="testCases.TC02_Login" name="testLogin" time="1.429"/>
  <testcase classname="testCases.TC02_Login" name="testLogin" time="1.460"/>
  <testcase classname="testCases.TC02_Login" name="testLogin" time="0.847"/>
  <testcase classname="testCases.TC02_Login" name="testLogin" time="2.801"/>
  <testcase classname="testCases.TC02_Login" name="testLogin" time="1.330"/>
  <testcase classname="testCases.TC02_Login" name="testLogin" time="1.355"/>
  <testcase classname="testCases.TC02_Login" name="testLogin" time="1.373"/>
  <testcase classname="testCases.TC02_Login" name="testLogin" time="0.881"/>
  <testcase classname="testCases.TC02_Login" name="testLogin" time="1.388"/>
  <testcase classname="testCases.TC02_Login" name="testLogin" time="1.888"/>
  <testcase classname="testCases.TC02_Login" name="testLogin" time="0.846"/>
  <testcase classname="testCases.TC02_Login" name="testLogin" time="1.434"/>
  <testcase classname="testCases.TC02_Login" name="testLogin" time="1.699"/>
</testsuite> <!-- testCases.TC02_Login -->
