<?xml version="1.0" encoding="UTF-8"?>
<!-- Generated by org.testng.reporters.JUnitReportReporter -->
<testsuite hostname="Affan-family" failures="0" tests="3" name="testCases.TC05_AddToWishList" time="17.955" errors="0" timestamp="2026-08-01T00:02:27 EDT" skipped="0">
  <testcase classname="testCases.TC05_AddToWishList" name="testAddToWishList" time="5.508"/>
  <testcase classname="testCases.TC05_AddToWishList" name="testAddToWishList" time="6.828"/>
  <testcase classname="testCases.TC05_AddToWishList" name="testAddToWishList" time="5.619"/>
</testsuite> <!-- testCases.TC05_AddToWishList -->
