<?xml version="1.0" encoding="UTF-8"?>
<!-- Generated by org.testng.reporters.JUnitReportReporter -->
<testsuite hostname="Affan-family" failures="0" tests="3" name="testCases.TC01_LaunchApplication" time="0.048" errors="0" timestamp="2026-08-01T00:02:27 EDT" skipped="0">
  <testcase classname="testCases.TC01_LaunchApplication" name="testLaunchApplication" time="0.036"/>
  <testcase classname="testCases.TC01_LaunchApplication" name="testLaunchApplication" time="0.006"/>
  <testcase classname="testCases.TC01_LaunchApplication" name="testLaunchApplication" time="0.006"/>
</testsuite> <!-- testCases.TC01_LaunchApplication -->
