<?xml version="1.0" encoding="UTF-8"?>
<!-- Generated by org.testng.reporters.JUnitReportReporter -->
<testsuite hostname="Affan-family" failures="0" tests="3" name="testCases.TC03_AddToCart" time="13.523" errors="0" timestamp="2026-08-01T00:02:27 EDT" skipped="0">
  <testcase classname="testCases.TC03_AddToCart" name="testAddToCart" time="4.537"/>
  <testcase classname="testCases.TC03_AddToCart" name="testAddToCart" time="3.945"/>
  <testcase classname="testCases.TC03_AddToCart" name="testAddToCart" time="5.041"/>
</testsuite> <!-- testCases.TC03_AddToCart -->
