<?xml version="1.0" encoding="UTF-8"?>
<!-- Generated by org.testng.reporters.JUnitReportReporter -->
<testsuite hostname="Affan-family" failures="0" tests="3" name="testCases.TC06_AddAffiliate" time="12.549" errors="0" timestamp="2026-08-01T00:02:27 EDT" skipped="0">
  <testcase classname="testCases.TC06_AddAffiliate" name="testAddAffiliate" time="4.836"/>
  <testcase classname="testCases.TC06_AddAffiliate" name="testAddAffiliate" time="3.685"/>
  <testcase classname="testCases.TC06_AddAffiliate" name="testAddAffiliate" time="4.028"/>
</testsuite> <!-- testCases.TC06_AddAffiliate -->
